{"meta": {"format": 3, "version": "7.10.6", "timestamp": "2025-09-08T17:07:04.446884", "branch_coverage": false, "show_contexts": false}, "files": {"config\\__init__.py": {"executed_lines": [], "summary": {"covered_lines": 0, "num_statements": 2, "percent_covered": 0.0, "percent_covered_display": "0", "missing_lines": 2, "excluded_lines": 0}, "missing_lines": [6, 16], "excluded_lines": [], "functions": {"": {"executed_lines": [], "summary": {"covered_lines": 0, "num_statements": 2, "percent_covered": 0.0, "percent_covered_display": "0", "missing_lines": 2, "excluded_lines": 0}, "missing_lines": [6, 16], "excluded_lines": []}}, "classes": {"": {"executed_lines": [], "summary": {"covered_lines": 0, "num_statements": 2, "percent_covered": 0.0, "percent_covered_display": "0", "missing_lines": 2, "excluded_lines": 0}, "missing_lines": [6, 16], "excluded_lines": []}}}, "config\\database.py": {"executed_lines": [], "summary": {"covered_lines": 0, "num_statements": 69, "percent_covered": 0.0, "percent_covered_display": "0", "missing_lines": 69, "excluded_lines": 0}, "missing_lines": [7, 8, 9, 10, 11, 13, 15, 18, 20, 21, 24, 26, 29, 32, 35, 36, 37, 39, 40, 42, 44, 45, 56, 64, 73, 76, 77, 78, 80, 81, 82, 83, 85, 87, 88, 90, 92, 93, 94, 95, 97, 99, 100, 101, 103, 105, 107, 108, 109, 110, 112, 114, 115, 116, 118, 120, 121, 122, 124, 126, 128, 130, 134, 137, 139, 142, 144, 147, 149], "excluded_lines": [], "functions": {"DatabaseConfig.from_env": {"executed_lines": [], "summary": {"covered_lines": 0, "num_statements": 5, "percent_covered": 0.0, "percent_covered_display": "0", "missing_lines": 5, "excluded_lines": 0}, "missing_lines": [42, 44, 45, 56, 64], "excluded_lines": []}, "DatabaseFactory.__new__": {"executed_lines": [], "summary": {"covered_lines": 0, "num_statements": 3, "percent_covered": 0.0, "percent_covered_display": "0", "missing_lines": 3, "excluded_lines": 0}, "missing_lines": [81, 82, 83], "excluded_lines": []}, "DatabaseFactory.initialize": {"executed_lines": [], "summary": {"covered_lines": 0, "num_statements": 12, "percent_covered": 0.0, "percent_covered_display": "0", "missing_lines": 12, "excluded_lines": 0}, "missing_lines": [87, 88, 90, 92, 93, 94, 95, 97, 99, 100, 101, 103], "excluded_lines": []}, "DatabaseFactory.close": {"executed_lines": [], "summary": {"covered_lines": 0, "num_statements": 4, "percent_covered": 0.0, "percent_covered_display": "0", "missing_lines": 4, "excluded_lines": 0}, "missing_lines": [107, 108, 109, 110], "excluded_lines": []}, "DatabaseFactory.get_adapter": {"executed_lines": [], "summary": {"covered_lines": 0, "num_statements": 3, "percent_covered": 0.0, "percent_covered_display": "0", "missing_lines": 3, "excluded_lines": 0}, "missing_lines": [114, 115, 116], "excluded_lines": []}, "DatabaseFactory.get_config": {"executed_lines": [], "summary": {"covered_lines": 0, "num_statements": 3, "percent_covered": 0.0, "percent_covered_display": "0", "missing_lines": 3, "excluded_lines": 0}, "missing_lines": [120, 121, 122], "excluded_lines": []}, "DatabaseFactory.is_postgresql": {"executed_lines": [], "summary": {"covered_lines": 0, "num_statements": 1, "percent_covered": 0.0, "percent_covered_display": "0", "missing_lines": 1, "excluded_lines": 0}, "missing_lines": [126], "excluded_lines": []}, "DatabaseFactory.is_sqlite": {"executed_lines": [], "summary": {"covered_lines": 0, "num_statements": 1, "percent_covered": 0.0, "percent_covered_display": "0", "missing_lines": 1, "excluded_lines": 0}, "missing_lines": [130], "excluded_lines": []}, "get_db_adapter": {"executed_lines": [], "summary": {"covered_lines": 0, "num_statements": 1, "percent_covered": 0.0, "percent_covered_display": "0", "missing_lines": 1, "excluded_lines": 0}, "missing_lines": [139], "excluded_lines": []}, "initialize_database": {"executed_lines": [], "summary": {"covered_lines": 0, "num_statements": 1, "percent_covered": 0.0, "percent_covered_display": "0", "missing_lines": 1, "excluded_lines": 0}, "missing_lines": [144], "excluded_lines": []}, "close_database": {"executed_lines": [], "summary": {"covered_lines": 0, "num_statements": 1, "percent_covered": 0.0, "percent_covered_display": "0", "missing_lines": 1, "excluded_lines": 0}, "missing_lines": [149], "excluded_lines": []}, "": {"executed_lines": [], "summary": {"covered_lines": 0, "num_statements": 34, "percent_covered": 0.0, "percent_covered_display": "0", "missing_lines": 34, "excluded_lines": 0}, "missing_lines": [7, 8, 9, 10, 11, 13, 15, 18, 20, 21, 24, 26, 29, 32, 35, 36, 37, 39, 40, 73, 76, 77, 78, 80, 85, 105, 112, 118, 124, 128, 134, 137, 142, 147], "excluded_lines": []}}, "classes": {"DatabaseType": {"executed_lines": [], "summary": {"covered_lines": 0, "num_statements": 0, "percent_covered": 100.0, "percent_covered_display": "100", "missing_lines": 0, "excluded_lines": 0}, "missing_lines": [], "excluded_lines": []}, "DatabaseConfig": {"executed_lines": [], "summary": {"covered_lines": 0, "num_statements": 5, "percent_covered": 0.0, "percent_covered_display": "0", "missing_lines": 5, "excluded_lines": 0}, "missing_lines": [42, 44, 45, 56, 64], "excluded_lines": []}, "DatabaseFactory": {"executed_lines": [], "summary": {"covered_lines": 0, "num_statements": 27, "percent_covered": 0.0, "percent_covered_display": "0", "missing_lines": 27, "excluded_lines": 0}, "missing_lines": [81, 82, 83, 87, 88, 90, 92, 93, 94, 95, 97, 99, 100, 101, 103, 107, 108, 109, 110, 114, 115, 116, 120, 121, 122, 126, 130], "excluded_lines": []}, "": {"executed_lines": [], "summary": {"covered_lines": 0, "num_statements": 37, "percent_covered": 0.0, "percent_covered_display": "0", "missing_lines": 37, "excluded_lines": 0}, "missing_lines": [7, 8, 9, 10, 11, 13, 15, 18, 20, 21, 24, 26, 29, 32, 35, 36, 37, 39, 40, 73, 76, 77, 78, 80, 85, 105, 112, 118, 124, 128, 134, 137, 139, 142, 144, 147, 149], "excluded_lines": []}}}, "config\\policy_loader.py": {"executed_lines": [], "summary": {"covered_lines": 0, "num_statements": 124, "percent_covered": 0.0, "percent_covered_display": "0", "missing_lines": 124, "excluded_lines": 0}, "missing_lines": [3, 4, 5, 6, 9, 48, 51, 52, 53, 55, 58, 65, 66, 67, 70, 72, 74, 76, 77, 78, 79, 82, 84, 85, 86, 88, 91, 92, 94, 96, 98, 100, 101, 102, 104, 106, 108, 110, 111, 113, 114, 115, 117, 119, 121, 123, 125, 128, 129, 130, 131, 134, 135, 137, 139, 145, 147, 149, 151, 156, 158, 159, 160, 161, 163, 165, 167, 169, 171, 172, 173, 174, 176, 178, 180, 182, 184, 186, 188, 190, 192, 194, 196, 198, 200, 202, 203, 204, 205, 207, 209, 211, 213, 215, 217, 219, 221, 223, 225, 226, 227, 228, 230, 232, 234, 236, 237, 238, 239, 241, 243, 245, 247, 248, 249, 250, 252, 254, 256, 258, 260, 262, 264, 268], "excluded_lines": [], "functions": {"PolicyConfig.__init__": {"executed_lines": [], "summary": {"covered_lines": 0, "num_statements": 2, "percent_covered": 0.0, "percent_covered_display": "0", "missing_lines": 2, "excluded_lines": 0}, "missing_lines": [52, 53], "excluded_lines": []}, "PolicyConfig._get_default_config_path": {"executed_lines": [], "summary": {"covered_lines": 0, "num_statements": 5, "percent_covered": 0.0, "percent_covered_display": "0", "missing_lines": 5, "excluded_lines": 0}, "missing_lines": [58, 65, 66, 67, 70], "excluded_lines": []}, "PolicyConfig._load_config": {"executed_lines": [], "summary": {"covered_lines": 0, "num_statements": 13, "percent_covered": 0.0, "percent_covered_display": "0", "missing_lines": 13, "excluded_lines": 0}, "missing_lines": [74, 76, 77, 78, 79, 82, 84, 85, 86, 88, 91, 92, 94], "excluded_lines": []}, "PolicyConfig._deep_merge": {"executed_lines": [], "summary": {"covered_lines": 0, "num_statements": 6, "percent_covered": 0.0, "percent_covered_display": "0", "missing_lines": 6, "excluded_lines": 0}, "missing_lines": [98, 100, 101, 102, 104, 106], "excluded_lines": []}, "PolicyConfig.get": {"executed_lines": [], "summary": {"covered_lines": 0, "num_statements": 7, "percent_covered": 0.0, "percent_covered_display": "0", "missing_lines": 7, "excluded_lines": 0}, "missing_lines": [110, 111, 113, 114, 115, 117, 119], "excluded_lines": []}, "PolicyConfig.get_user_agent": {"executed_lines": [], "summary": {"covered_lines": 0, "num_statements": 1, "percent_covered": 0.0, "percent_covered_display": "0", "missing_lines": 1, "excluded_lines": 0}, "missing_lines": [123], "excluded_lines": []}, "PolicyConfig.get_allowed_licenses": {"executed_lines": [], "summary": {"covered_lines": 0, "num_statements": 6, "percent_covered": 0.0, "percent_covered_display": "0", "missing_lines": 6, "excluded_lines": 0}, "missing_lines": [223, 225, 226, 227, 228, 230], "excluded_lines": []}, "PolicyConfig.get_crawl_delay_settings": {"executed_lines": [], "summary": {"covered_lines": 0, "num_statements": 1, "percent_covered": 0.0, "percent_covered_display": "0", "missing_lines": 1, "excluded_lines": 0}, "missing_lines": [139], "excluded_lines": []}, "PolicyConfig.get_robots_timeout": {"executed_lines": [], "summary": {"covered_lines": 0, "num_statements": 1, "percent_covered": 0.0, "percent_covered_display": "0", "missing_lines": 1, "excluded_lines": 0}, "missing_lines": [147], "excluded_lines": []}, "PolicyConfig.get_cache_settings": {"executed_lines": [], "summary": {"covered_lines": 0, "num_statements": 1, "percent_covered": 0.0, "percent_covered_display": "0", "missing_lines": 1, "excluded_lines": 0}, "missing_lines": [151], "excluded_lines": []}, "PolicyConfig.should_respect_noai": {"executed_lines": [], "summary": {"covered_lines": 0, "num_statements": 6, "percent_covered": 0.0, "percent_covered_display": "0", "missing_lines": 6, "excluded_lines": 0}, "missing_lines": [234, 236, 237, 238, 239, 241], "excluded_lines": []}, "PolicyConfig.should_check_licenses": {"executed_lines": [], "summary": {"covered_lines": 0, "num_statements": 1, "percent_covered": 0.0, "percent_covered_display": "0", "missing_lines": 1, "excluded_lines": 0}, "missing_lines": [256], "excluded_lines": []}, "PolicyConfig.is_strict_mode": {"executed_lines": [], "summary": {"covered_lines": 0, "num_statements": 6, "percent_covered": 0.0, "percent_covered_display": "0", "missing_lines": 6, "excluded_lines": 0}, "missing_lines": [245, 247, 248, 249, 250, 252], "excluded_lines": []}, "PolicyConfig.get_custom_noai_patterns": {"executed_lines": [], "summary": {"covered_lines": 0, "num_statements": 1, "percent_covered": 0.0, "percent_covered_display": "0", "missing_lines": 1, "excluded_lines": 0}, "missing_lines": [260], "excluded_lines": []}, "PolicyConfig.get_url_whitelist": {"executed_lines": [], "summary": {"covered_lines": 0, "num_statements": 1, "percent_covered": 0.0, "percent_covered_display": "0", "missing_lines": 1, "excluded_lines": 0}, "missing_lines": [184], "excluded_lines": []}, "PolicyConfig.get_url_blacklist": {"executed_lines": [], "summary": {"covered_lines": 0, "num_statements": 1, "percent_covered": 0.0, "percent_covered_display": "0", "missing_lines": 1, "excluded_lines": 0}, "missing_lines": [188], "excluded_lines": []}, "PolicyConfig.should_collect_metrics": {"executed_lines": [], "summary": {"covered_lines": 0, "num_statements": 1, "percent_covered": 0.0, "percent_covered_display": "0", "missing_lines": 1, "excluded_lines": 0}, "missing_lines": [192], "excluded_lines": []}, "PolicyConfig.get_metrics_retention_days": {"executed_lines": [], "summary": {"covered_lines": 0, "num_statements": 1, "percent_covered": 0.0, "percent_covered_display": "0", "missing_lines": 1, "excluded_lines": 0}, "missing_lines": [196], "excluded_lines": []}, "PolicyConfig.get_crawl_settings": {"executed_lines": [], "summary": {"covered_lines": 0, "num_statements": 6, "percent_covered": 0.0, "percent_covered_display": "0", "missing_lines": 6, "excluded_lines": 0}, "missing_lines": [200, 202, 203, 204, 205, 207], "excluded_lines": []}, "PolicyConfig.get_url_patterns": {"executed_lines": [], "summary": {"covered_lines": 0, "num_statements": 1, "percent_covered": 0.0, "percent_covered_display": "0", "missing_lines": 1, "excluded_lines": 0}, "missing_lines": [211], "excluded_lines": []}, "PolicyConfig.should_log_violations": {"executed_lines": [], "summary": {"covered_lines": 0, "num_statements": 1, "percent_covered": 0.0, "percent_covered_display": "0", "missing_lines": 1, "excluded_lines": 0}, "missing_lines": [215], "excluded_lines": []}, "PolicyConfig.should_store_violations": {"executed_lines": [], "summary": {"covered_lines": 0, "num_statements": 1, "percent_covered": 0.0, "percent_covered_display": "0", "missing_lines": 1, "excluded_lines": 0}, "missing_lines": [219], "excluded_lines": []}, "PolicyConfig.reload": {"executed_lines": [], "summary": {"covered_lines": 0, "num_statements": 1, "percent_covered": 0.0, "percent_covered_display": "0", "missing_lines": 1, "excluded_lines": 0}, "missing_lines": [264], "excluded_lines": []}, "": {"executed_lines": [], "summary": {"covered_lines": 0, "num_statements": 35, "percent_covered": 0.0, "percent_covered_display": "0", "missing_lines": 35, "excluded_lines": 0}, "missing_lines": [3, 4, 5, 6, 9, 48, 51, 55, 72, 96, 108, 121, 125, 137, 145, 149, 156, 165, 169, 178, 182, 186, 190, 194, 198, 209, 213, 217, 221, 232, 243, 254, 258, 262, 268], "excluded_lines": []}}, "classes": {"PolicyConfig": {"executed_lines": [], "summary": {"covered_lines": 0, "num_statements": 89, "percent_covered": 0.0, "percent_covered_display": "0", "missing_lines": 89, "excluded_lines": 0}, "missing_lines": [52, 53, 58, 65, 66, 67, 70, 74, 76, 77, 78, 79, 82, 84, 85, 86, 88, 91, 92, 94, 98, 100, 101, 102, 104, 106, 110, 111, 113, 114, 115, 117, 119, 123, 128, 129, 130, 131, 134, 135, 139, 147, 151, 158, 159, 160, 161, 163, 167, 171, 172, 173, 174, 176, 180, 184, 188, 192, 196, 200, 202, 203, 204, 205, 207, 211, 215, 219, 223, 225, 226, 227, 228, 230, 234, 236, 237, 238, 239, 241, 245, 247, 248, 249, 250, 252, 256, 260, 264], "excluded_lines": []}, "": {"executed_lines": [], "summary": {"covered_lines": 0, "num_statements": 35, "percent_covered": 0.0, "percent_covered_display": "0", "missing_lines": 35, "excluded_lines": 0}, "missing_lines": [3, 4, 5, 6, 9, 48, 51, 55, 72, 96, 108, 121, 125, 137, 145, 149, 156, 165, 169, 178, 182, 186, 190, 194, 198, 209, 213, 217, 221, 232, 243, 254, 258, 262, 268], "excluded_lines": []}}}, "evaluation\\__init__.py": {"executed_lines": [], "summary": {"covered_lines": 0, "num_statements": 5, "percent_covered": 0.0, "percent_covered_display": "0", "missing_lines": 5, "excluded_lines": 0}, "missing_lines": [7, 8, 14, 20, 26], "excluded_lines": [], "functions": {"": {"executed_lines": [], "summary": {"covered_lines": 0, "num_statements": 5, "percent_covered": 0.0, "percent_covered_display": "0", "missing_lines": 5, "excluded_lines": 0}, "missing_lines": [7, 8, 14, 20, 26], "excluded_lines": []}}, "classes": {"": {"executed_lines": [], "summary": {"covered_lines": 0, "num_statements": 5, "percent_covered": 0.0, "percent_covered_display": "0", "missing_lines": 5, "excluded_lines": 0}, "missing_lines": [7, 8, 14, 20, 26], "excluded_lines": []}}}, "evaluation\\benchmarks.py": {"executed_lines": [], "summary": {"covered_lines": 0, "num_statements": 253, "percent_covered": 0.0, "percent_covered_display": "0", "missing_lines": 253, "excluded_lines": 0}, "missing_lines": [7, 8, 9, 10, 11, 12, 13, 15, 16, 21, 24, 25, 28, 29, 30, 31, 32, 34, 35, 36, 39, 40, 43, 44, 45, 46, 47, 48, 49, 50, 52, 53, 54, 56, 57, 59, 61, 62, 64, 67, 68, 71, 72, 73, 74, 75, 76, 77, 80, 81, 84, 85, 88, 89, 92, 95, 98, 99, 102, 103, 104, 105, 106, 109, 111, 125, 126, 127, 129, 131, 133, 144, 145, 152, 154, 156, 162, 164, 173, 174, 175, 176, 183, 185, 189, 190, 200, 201, 202, 203, 205, 206, 208, 210, 211, 213, 215, 216, 217, 218, 220, 222, 231, 233, 235, 238, 239, 240, 241, 245, 254, 255, 258, 260, 261, 263, 264, 268, 271, 272, 273, 274, 276, 277, 280, 283, 287, 294, 295, 296, 297, 299, 301, 310, 311, 313, 322, 324, 326, 328, 329, 332, 333, 336, 338, 340, 341, 342, 344, 345, 347, 348, 349, 351, 352, 353, 355, 359, 360, 364, 365, 367, 370, 371, 385, 392, 393, 395, 404, 406, 408, 409, 411, 412, 414, 415, 416, 419, 421, 423, 424, 427, 428, 432, 433, 435, 438, 439, 440, 441, 444, 445, 447, 448, 462, 470, 471, 473, 482, 485, 487, 488, 490, 491, 493, 494, 495, 498, 503, 508, 513, 525, 526, 528, 537, 539, 542, 553, 554, 555, 556, 557, 559, 560, 561, 562, 563, 565, 566, 567, 568, 569, 571, 572, 573, 574, 575, 578, 579, 587, 588, 590, 592, 594, 596, 601, 614, 622, 623, 626, 639, 645, 646], "excluded_lines": [], "functions": {"SearchResult.__post_init__": {"executed_lines": [], "summary": {"covered_lines": 0, "num_statements": 2, "percent_covered": 0.0, "percent_covered_display": "0", "missing_lines": 2, "excluded_lines": 0}, "missing_lines": [35, 36], "excluded_lines": []}, "BenchmarkResult.__post_init__": {"executed_lines": [], "summary": {"covered_lines": 0, "num_statements": 2, "percent_covered": 0.0, "percent_covered_display": "0", "missing_lines": 2, "excluded_lines": 0}, "missing_lines": [53, 54], "excluded_lines": []}, "BenchmarkResult.retrieved_doc_ids": {"executed_lines": [], "summary": {"covered_lines": 0, "num_statements": 1, "percent_covered": 0.0, "percent_covered_display": "0", "missing_lines": 1, "excluded_lines": 0}, "missing_lines": [59], "excluded_lines": []}, "BenchmarkResult.success": {"executed_lines": [], "summary": {"covered_lines": 0, "num_statements": 1, "percent_covered": 0.0, "percent_covered_display": "0", "missing_lines": 1, "excluded_lines": 0}, "missing_lines": [64], "excluded_lines": []}, "SearchBenchmark.__init__": {"executed_lines": [], "summary": {"covered_lines": 0, "num_statements": 8, "percent_covered": 0.0, "percent_covered_display": "0", "missing_lines": 8, "excluded_lines": 0}, "missing_lines": [98, 99, 102, 103, 104, 105, 106, 109], "excluded_lines": []}, "SearchBenchmark._execute_search": {"executed_lines": [], "summary": {"covered_lines": 0, "num_statements": 27, "percent_covered": 0.0, "percent_covered_display": "0", "missing_lines": 27, "excluded_lines": 0}, "missing_lines": [125, 126, 127, 129, 131, 133, 144, 145, 152, 154, 156, 162, 164, 173, 174, 175, 176, 183, 185, 189, 190, 200, 201, 202, 203, 205, 206], "excluded_lines": []}, "SearchBenchmark._warmup": {"executed_lines": [], "summary": {"covered_lines": 0, "num_statements": 8, "percent_covered": 0.0, "percent_covered_display": "0", "missing_lines": 8, "excluded_lines": 0}, "missing_lines": [210, 211, 213, 215, 216, 217, 218, 220], "excluded_lines": []}, "SearchBenchmark.run_accuracy_benchmark": {"executed_lines": [], "summary": {"covered_lines": 0, "num_statements": 33, "percent_covered": 0.0, "percent_covered_display": "0", "missing_lines": 33, "excluded_lines": 0}, "missing_lines": [231, 233, 235, 238, 239, 240, 241, 245, 254, 255, 258, 260, 261, 263, 264, 268, 271, 272, 273, 274, 276, 277, 280, 283, 287, 294, 295, 296, 297, 299, 301, 310, 311], "excluded_lines": []}, "SearchBenchmark.run_performance_benchmark": {"executed_lines": [], "summary": {"covered_lines": 0, "num_statements": 29, "percent_covered": 0.0, "percent_covered_display": "0", "missing_lines": 29, "excluded_lines": 0}, "missing_lines": [322, 324, 326, 328, 329, 332, 333, 336, 338, 340, 344, 345, 347, 348, 349, 351, 352, 353, 355, 359, 360, 364, 365, 367, 370, 371, 385, 392, 393], "excluded_lines": []}, "SearchBenchmark.run_performance_benchmark.bounded_search": {"executed_lines": [], "summary": {"covered_lines": 0, "num_statements": 2, "percent_covered": 0.0, "percent_covered_display": "0", "missing_lines": 2, "excluded_lines": 0}, "missing_lines": [341, 342], "excluded_lines": []}, "SearchBenchmark.run_load_test": {"executed_lines": [], "summary": {"covered_lines": 0, "num_statements": 29, "percent_covered": 0.0, "percent_covered_display": "0", "missing_lines": 29, "excluded_lines": 0}, "missing_lines": [404, 406, 408, 409, 411, 412, 414, 415, 416, 419, 421, 423, 424, 427, 428, 432, 433, 435, 438, 439, 440, 441, 444, 445, 447, 448, 462, 470, 471], "excluded_lines": []}, "SearchBenchmark.run_comparison_benchmark": {"executed_lines": [], "summary": {"covered_lines": 0, "num_statements": 15, "percent_covered": 0.0, "percent_covered_display": "0", "missing_lines": 15, "excluded_lines": 0}, "missing_lines": [482, 485, 487, 488, 490, 491, 493, 494, 495, 498, 503, 508, 513, 525, 526], "excluded_lines": []}, "SearchBenchmark.run_comprehensive_benchmark": {"executed_lines": [], "summary": {"covered_lines": 0, "num_statements": 27, "percent_covered": 0.0, "percent_covered_display": "0", "missing_lines": 27, "excluded_lines": 0}, "missing_lines": [537, 539, 542, 553, 554, 555, 556, 557, 559, 560, 561, 562, 563, 565, 566, 567, 568, 569, 571, 572, 573, 574, 575, 578, 579, 587, 588], "excluded_lines": []}, "SearchBenchmark.get_benchmark_results": {"executed_lines": [], "summary": {"covered_lines": 0, "num_statements": 1, "percent_covered": 0.0, "percent_covered_display": "0", "missing_lines": 1, "excluded_lines": 0}, "missing_lines": [592], "excluded_lines": []}, "SearchBenchmark.clear_results": {"executed_lines": [], "summary": {"covered_lines": 0, "num_statements": 1, "percent_covered": 0.0, "percent_covered_display": "0", "missing_lines": 1, "excluded_lines": 0}, "missing_lines": [596], "excluded_lines": []}, "quick_benchmark": {"executed_lines": [], "summary": {"covered_lines": 0, "num_statements": 3, "percent_covered": 0.0, "percent_covered_display": "0", "missing_lines": 3, "excluded_lines": 0}, "missing_lines": [614, 622, 623], "excluded_lines": []}, "performance_test": {"executed_lines": [], "summary": {"covered_lines": 0, "num_statements": 3, "percent_covered": 0.0, "percent_covered_display": "0", "missing_lines": 3, "excluded_lines": 0}, "missing_lines": [639, 645, 646], "excluded_lines": []}, "": {"executed_lines": [], "summary": {"covered_lines": 0, "num_statements": 61, "percent_covered": 0.0, "percent_covered_display": "0", "missing_lines": 61, "excluded_lines": 0}, "missing_lines": [7, 8, 9, 10, 11, 12, 13, 15, 16, 21, 24, 25, 28, 29, 30, 31, 32, 34, 39, 40, 43, 44, 45, 46, 47, 48, 49, 50, 52, 56, 57, 61, 62, 67, 68, 71, 72, 73, 74, 75, 76, 77, 80, 81, 84, 85, 88, 89, 92, 95, 111, 208, 222, 313, 395, 473, 528, 590, 594, 601, 626], "excluded_lines": []}}, "classes": {"SearchResult": {"executed_lines": [], "summary": {"covered_lines": 0, "num_statements": 2, "percent_covered": 0.0, "percent_covered_display": "0", "missing_lines": 2, "excluded_lines": 0}, "missing_lines": [35, 36], "excluded_lines": []}, "BenchmarkResult": {"executed_lines": [], "summary": {"covered_lines": 0, "num_statements": 4, "percent_covered": 0.0, "percent_covered_display": "0", "missing_lines": 4, "excluded_lines": 0}, "missing_lines": [53, 54, 59, 64], "excluded_lines": []}, "BenchmarkConfig": {"executed_lines": [], "summary": {"covered_lines": 0, "num_statements": 0, "percent_covered": 100.0, "percent_covered_display": "100", "missing_lines": 0, "excluded_lines": 0}, "missing_lines": [], "excluded_lines": []}, "SearchBenchmark": {"executed_lines": [], "summary": {"covered_lines": 0, "num_statements": 180, "percent_covered": 0.0, "percent_covered_display": "0", "missing_lines": 180, "excluded_lines": 0}, "missing_lines": [98, 99, 102, 103, 104, 105, 106, 109, 125, 126, 127, 129, 131, 133, 144, 145, 152, 154, 156, 162, 164, 173, 174, 175, 176, 183, 185, 189, 190, 200, 201, 202, 203, 205, 206, 210, 211, 213, 215, 216, 217, 218, 220, 231, 233, 235, 238, 239, 240, 241, 245, 254, 255, 258, 260, 261, 263, 264, 268, 271, 272, 273, 274, 276, 277, 280, 283, 287, 294, 295, 296, 297, 299, 301, 310, 311, 322, 324, 326, 328, 329, 332, 333, 336, 338, 340, 341, 342, 344, 345, 347, 348, 349, 351, 352, 353, 355, 359, 360, 364, 365, 367, 370, 371, 385, 392, 393, 404, 406, 408, 409, 411, 412, 414, 415, 416, 419, 421, 423, 424, 427, 428, 432, 433, 435, 438, 439, 440, 441, 444, 445, 447, 448, 462, 470, 471, 482, 485, 487, 488, 490, 491, 493, 494, 495, 498, 503, 508, 513, 525, 526, 537, 539, 542, 553, 554, 555, 556, 557, 559, 560, 561, 562, 563, 565, 566, 567, 568, 569, 571, 572, 573, 574, 575, 578, 579, 587, 588, 592, 596], "excluded_lines": []}, "": {"executed_lines": [], "summary": {"covered_lines": 0, "num_statements": 67, "percent_covered": 0.0, "percent_covered_display": "0", "missing_lines": 67, "excluded_lines": 0}, "missing_lines": [7, 8, 9, 10, 11, 12, 13, 15, 16, 21, 24, 25, 28, 29, 30, 31, 32, 34, 39, 40, 43, 44, 45, 46, 47, 48, 49, 50, 52, 56, 57, 61, 62, 67, 68, 71, 72, 73, 74, 75, 76, 77, 80, 81, 84, 85, 88, 89, 92, 95, 111, 208, 222, 313, 395, 473, 528, 590, 594, 601, 614, 622, 623, 626, 639, 645, 646], "excluded_lines": []}}}, "evaluation\\datasets.py": {"executed_lines": [], "summary": {"covered_lines": 0, "num_statements": 171, "percent_covered": 0.0, "percent_covered_display": "0", "missing_lines": 171, "excluded_lines": 0}, "missing_lines": [7, 8, 9, 10, 11, 12, 13, 15, 18, 19, 22, 23, 24, 25, 26, 28, 29, 30, 32, 34, 36, 37, 39, 42, 43, 46, 47, 48, 49, 50, 52, 53, 54, 56, 57, 59, 61, 63, 65, 66, 74, 76, 77, 85, 87, 88, 90, 91, 99, 101, 102, 104, 105, 107, 108, 109, 111, 119, 127, 129, 131, 132, 134, 135, 136, 138, 157, 159, 161, 169, 170, 172, 173, 181, 183, 184, 186, 187, 189, 191, 192, 194, 195, 197, 198, 199, 202, 205, 206, 207, 225, 227, 228, 229, 231, 237, 238, 240, 242, 243, 244, 246, 248, 249, 255, 256, 257, 258, 259, 260, 262, 264, 266, 267, 269, 270, 271, 274, 275, 276, 279, 280, 282, 284, 287, 288, 289, 292, 293, 294, 296, 298, 307, 309, 310, 311, 312, 318, 319, 320, 322, 324, 327, 328, 331, 334, 335, 338, 350, 352, 364, 365, 367, 382, 385, 395, 405, 406, 409, 418, 421, 430, 432, 440, 449, 450, 452, 453, 454, 456, 458], "excluded_lines": [], "functions": {"QueryRelevancePair.__post_init__": {"executed_lines": [], "summary": {"covered_lines": 0, "num_statements": 2, "percent_covered": 0.0, "percent_covered_display": "0", "missing_lines": 2, "excluded_lines": 0}, "missing_lines": [29, 30], "excluded_lines": []}, "QueryRelevancePair.to_dict": {"executed_lines": [], "summary": {"covered_lines": 0, "num_statements": 1, "percent_covered": 0.0, "percent_covered_display": "0", "missing_lines": 1, "excluded_lines": 0}, "missing_lines": [34], "excluded_lines": []}, "QueryRelevancePair.from_dict": {"executed_lines": [], "summary": {"covered_lines": 0, "num_statements": 1, "percent_covered": 0.0, "percent_covered_display": "0", "missing_lines": 1, "excluded_lines": 0}, "missing_lines": [39], "excluded_lines": []}, "EvaluationDataset.__post_init__": {"executed_lines": [], "summary": {"covered_lines": 0, "num_statements": 2, "percent_covered": 0.0, "percent_covered_display": "0", "missing_lines": 2, "excluded_lines": 0}, "missing_lines": [53, 54], "excluded_lines": []}, "EvaluationDataset.__len__": {"executed_lines": [], "summary": {"covered_lines": 0, "num_statements": 1, "percent_covered": 0.0, "percent_covered_display": "0", "missing_lines": 1, "excluded_lines": 0}, "missing_lines": [57], "excluded_lines": []}, "EvaluationDataset.add_pair": {"executed_lines": [], "summary": {"covered_lines": 0, "num_statements": 1, "percent_covered": 0.0, "percent_covered_display": "0", "missing_lines": 1, "excluded_lines": 0}, "missing_lines": [61], "excluded_lines": []}, "EvaluationDataset.filter_by_type": {"executed_lines": [], "summary": {"covered_lines": 0, "num_statements": 2, "percent_covered": 0.0, "percent_covered_display": "0", "missing_lines": 2, "excluded_lines": 0}, "missing_lines": [65, 66], "excluded_lines": []}, "EvaluationDataset.filter_by_difficulty": {"executed_lines": [], "summary": {"covered_lines": 0, "num_statements": 2, "percent_covered": 0.0, "percent_covered_display": "0", "missing_lines": 2, "excluded_lines": 0}, "missing_lines": [76, 77], "excluded_lines": []}, "EvaluationDataset.sample": {"executed_lines": [], "summary": {"covered_lines": 0, "num_statements": 4, "percent_covered": 0.0, "percent_covered_display": "0", "missing_lines": 4, "excluded_lines": 0}, "missing_lines": [87, 88, 90, 91], "excluded_lines": []}, "EvaluationDataset.split": {"executed_lines": [], "summary": {"covered_lines": 0, "num_statements": 10, "percent_covered": 0.0, "percent_covered_display": "0", "missing_lines": 10, "excluded_lines": 0}, "missing_lines": [101, 102, 104, 105, 107, 108, 109, 111, 119, 127], "excluded_lines": []}, "EvaluationDataset.get_statistics": {"executed_lines": [], "summary": {"covered_lines": 0, "num_statements": 7, "percent_covered": 0.0, "percent_covered_display": "0", "missing_lines": 7, "excluded_lines": 0}, "missing_lines": [131, 132, 134, 135, 136, 138, 157], "excluded_lines": []}, "EvaluationDataset.to_dict": {"executed_lines": [], "summary": {"covered_lines": 0, "num_statements": 1, "percent_covered": 0.0, "percent_covered_display": "0", "missing_lines": 1, "excluded_lines": 0}, "missing_lines": [161], "excluded_lines": []}, "EvaluationDataset.from_dict": {"executed_lines": [], "summary": {"covered_lines": 0, "num_statements": 2, "percent_covered": 0.0, "percent_covered_display": "0", "missing_lines": 2, "excluded_lines": 0}, "missing_lines": [172, 173], "excluded_lines": []}, "EvaluationDataset.save": {"executed_lines": [], "summary": {"covered_lines": 0, "num_statements": 5, "percent_covered": 0.0, "percent_covered_display": "0", "missing_lines": 5, "excluded_lines": 0}, "missing_lines": [183, 184, 186, 187, 189], "excluded_lines": []}, "EvaluationDataset.load": {"executed_lines": [], "summary": {"covered_lines": 0, "num_statements": 5, "percent_covered": 0.0, "percent_covered_display": "0", "missing_lines": 5, "excluded_lines": 0}, "missing_lines": [194, 195, 197, 198, 199], "excluded_lines": []}, "DatasetGenerator.__init__": {"executed_lines": [], "summary": {"covered_lines": 0, "num_statements": 2, "percent_covered": 0.0, "percent_covered_display": "0", "missing_lines": 2, "excluded_lines": 0}, "missing_lines": [206, 207], "excluded_lines": []}, "DatasetGenerator._get_available_documents": {"executed_lines": [], "summary": {"covered_lines": 0, "num_statements": 10, "percent_covered": 0.0, "percent_covered_display": "0", "missing_lines": 10, "excluded_lines": 0}, "missing_lines": [227, 228, 229, 231, 237, 238, 240, 242, 243, 244], "excluded_lines": []}, "DatasetGenerator._generate_mock_documents": {"executed_lines": [], "summary": {"covered_lines": 0, "num_statements": 9, "percent_covered": 0.0, "percent_covered_display": "0", "missing_lines": 9, "excluded_lines": 0}, "missing_lines": [248, 249, 255, 256, 257, 258, 259, 260, 262], "excluded_lines": []}, "DatasetGenerator._find_relevant_documents": {"executed_lines": [], "summary": {"covered_lines": 0, "num_statements": 10, "percent_covered": 0.0, "percent_covered_display": "0", "missing_lines": 10, "excluded_lines": 0}, "missing_lines": [266, 267, 269, 270, 271, 274, 275, 276, 279, 280], "excluded_lines": []}, "DatasetGenerator._generate_query_variations": {"executed_lines": [], "summary": {"covered_lines": 0, "num_statements": 8, "percent_covered": 0.0, "percent_covered_display": "0", "missing_lines": 8, "excluded_lines": 0}, "missing_lines": [284, 287, 288, 289, 292, 293, 294, 296], "excluded_lines": []}, "DatasetGenerator.generate_synthetic_dataset": {"executed_lines": [], "summary": {"covered_lines": 0, "num_statements": 20, "percent_covered": 0.0, "percent_covered_display": "0", "missing_lines": 20, "excluded_lines": 0}, "missing_lines": [307, 309, 310, 311, 312, 318, 319, 320, 322, 324, 327, 328, 331, 334, 335, 338, 350, 352, 364, 365], "excluded_lines": []}, "DatasetGenerator.generate_from_search_logs": {"executed_lines": [], "summary": {"covered_lines": 0, "num_statements": 2, "percent_covered": 0.0, "percent_covered_display": "0", "missing_lines": 2, "excluded_lines": 0}, "missing_lines": [382, 385], "excluded_lines": []}, "create_synthetic_dataset": {"executed_lines": [], "summary": {"covered_lines": 0, "num_statements": 2, "percent_covered": 0.0, "percent_covered_display": "0", "missing_lines": 2, "excluded_lines": 0}, "missing_lines": [405, 406], "excluded_lines": []}, "load_evaluation_dataset": {"executed_lines": [], "summary": {"covered_lines": 0, "num_statements": 1, "percent_covered": 0.0, "percent_covered_display": "0", "missing_lines": 1, "excluded_lines": 0}, "missing_lines": [418], "excluded_lines": []}, "create_manual_dataset": {"executed_lines": [], "summary": {"covered_lines": 0, "num_statements": 2, "percent_covered": 0.0, "percent_covered_display": "0", "missing_lines": 2, "excluded_lines": 0}, "missing_lines": [430, 432], "excluded_lines": []}, "merge_datasets": {"executed_lines": [], "summary": {"covered_lines": 0, "num_statements": 7, "percent_covered": 0.0, "percent_covered_display": "0", "missing_lines": 7, "excluded_lines": 0}, "missing_lines": [449, 450, 452, 453, 454, 456, 458], "excluded_lines": []}, "": {"executed_lines": [], "summary": {"covered_lines": 0, "num_statements": 52, "percent_covered": 0.0, "percent_covered_display": "0", "missing_lines": 52, "excluded_lines": 0}, "missing_lines": [7, 8, 9, 10, 11, 12, 13, 15, 18, 19, 22, 23, 24, 25, 26, 28, 32, 36, 37, 42, 43, 46, 47, 48, 49, 50, 52, 56, 59, 63, 74, 85, 99, 129, 159, 169, 170, 181, 191, 192, 202, 205, 225, 246, 264, 282, 298, 367, 395, 409, 421, 440], "excluded_lines": []}}, "classes": {"QueryRelevancePair": {"executed_lines": [], "summary": {"covered_lines": 0, "num_statements": 4, "percent_covered": 0.0, "percent_covered_display": "0", "missing_lines": 4, "excluded_lines": 0}, "missing_lines": [29, 30, 34, 39], "excluded_lines": []}, "EvaluationDataset": {"executed_lines": [], "summary": {"covered_lines": 0, "num_statements": 42, "percent_covered": 0.0, "percent_covered_display": "0", "missing_lines": 42, "excluded_lines": 0}, "missing_lines": [53, 54, 57, 61, 65, 66, 76, 77, 87, 88, 90, 91, 101, 102, 104, 105, 107, 108, 109, 111, 119, 127, 131, 132, 134, 135, 136, 138, 157, 161, 172, 173, 183, 184, 186, 187, 189, 194, 195, 197, 198, 199], "excluded_lines": []}, "DatasetGenerator": {"executed_lines": [], "summary": {"covered_lines": 0, "num_statements": 61, "percent_covered": 0.0, "percent_covered_display": "0", "missing_lines": 61, "excluded_lines": 0}, "missing_lines": [206, 207, 227, 228, 229, 231, 237, 238, 240, 242, 243, 244, 248, 249, 255, 256, 257, 258, 259, 260, 262, 266, 267, 269, 270, 271, 274, 275, 276, 279, 280, 284, 287, 288, 289, 292, 293, 294, 296, 307, 309, 310, 311, 312, 318, 319, 320, 322, 324, 327, 328, 331, 334, 335, 338, 350, 352, 364, 365, 382, 385], "excluded_lines": []}, "": {"executed_lines": [], "summary": {"covered_lines": 0, "num_statements": 64, "percent_covered": 0.0, "percent_covered_display": "0", "missing_lines": 64, "excluded_lines": 0}, "missing_lines": [7, 8, 9, 10, 11, 12, 13, 15, 18, 19, 22, 23, 24, 25, 26, 28, 32, 36, 37, 42, 43, 46, 47, 48, 49, 50, 52, 56, 59, 63, 74, 85, 99, 129, 159, 169, 170, 181, 191, 192, 202, 205, 225, 246, 264, 282, 298, 367, 395, 405, 406, 409, 418, 421, 430, 432, 440, 449, 450, 452, 453, 454, 456, 458], "excluded_lines": []}}}, "evaluation\\gold_set_runner.py": {"executed_lines": [], "summary": {"covered_lines": 0, "num_statements": 206, "percent_covered": 0.0, "percent_covered_display": "0", "missing_lines": 206, "excluded_lines": 2}, "missing_lines": [7, 8, 9, 10, 11, 12, 13, 14, 15, 16, 17, 18, 20, 21, 22, 24, 27, 28, 32, 33, 34, 37, 38, 39, 42, 43, 44, 47, 48, 51, 52, 55, 56, 57, 58, 59, 60, 61, 62, 63, 65, 66, 69, 72, 73, 74, 75, 77, 79, 81, 82, 83, 85, 86, 87, 89, 91, 93, 94, 96, 97, 105, 113, 136, 137, 139, 146, 148, 157, 158, 160, 162, 164, 172, 173, 175, 178, 181, 182, 183, 184, 185, 188, 189, 190, 193, 195, 197, 198, 200, 202, 209, 210, 211, 212, 215, 216, 218, 219, 220, 223, 226, 229, 230, 232, 233, 235, 237, 239, 242, 245, 256, 258, 269, 270, 272, 273, 274, 277, 288, 290, 291, 292, 294, 296, 301, 323, 325, 327, 328, 329, 335, 338, 340, 341, 349, 350, 359, 360, 361, 369, 371, 373, 382, 383, 385, 386, 387, 388, 390, 392, 393, 394, 395, 397, 398, 399, 402, 403, 411, 412, 413, 416, 417, 419, 420, 422, 424, 426, 427, 429, 430, 432, 434, 438, 439, 441, 477, 478, 480, 482, 484, 485, 488, 489, 490, 491, 493, 494, 495, 497, 505, 507, 508, 509, 510, 513, 515, 522, 523, 525, 526, 528, 529, 530, 531], "excluded_lines": [534, 535], "functions": {"MetricsSnapshot.to_dict": {"executed_lines": [], "summary": {"covered_lines": 0, "num_statements": 1, "percent_covered": 0.0, "percent_covered_display": "0", "missing_lines": 1, "excluded_lines": 0}, "missing_lines": [66], "excluded_lines": []}, "GoldSetManager.__init__": {"executed_lines": [], "summary": {"covered_lines": 0, "num_statements": 3, "percent_covered": 0.0, "percent_covered_display": "0", "missing_lines": 3, "excluded_lines": 0}, "missing_lines": [73, 74, 75], "excluded_lines": []}, "GoldSetManager.load_or_create_gold_set": {"executed_lines": [], "summary": {"covered_lines": 0, "num_statements": 8, "percent_covered": 0.0, "percent_covered_display": "0", "missing_lines": 8, "excluded_lines": 0}, "missing_lines": [79, 81, 82, 83, 85, 86, 87, 89], "excluded_lines": []}, "GoldSetManager._load_gold_set": {"executed_lines": [], "summary": {"covered_lines": 0, "num_statements": 4, "percent_covered": 0.0, "percent_covered_display": "0", "missing_lines": 4, "excluded_lines": 0}, "missing_lines": [93, 94, 96, 97], "excluded_lines": []}, "GoldSetManager._create_gold_set": {"executed_lines": [], "summary": {"covered_lines": 0, "num_statements": 8, "percent_covered": 0.0, "percent_covered_display": "0", "missing_lines": 8, "excluded_lines": 0}, "missing_lines": [113, 136, 137, 139, 146, 148, 157, 158], "excluded_lines": []}, "GoldSetManager._save_gold_set": {"executed_lines": [], "summary": {"covered_lines": 0, "num_statements": 5, "percent_covered": 0.0, "percent_covered_display": "0", "missing_lines": 5, "excluded_lines": 0}, "missing_lines": [162, 164, 172, 173, 175], "excluded_lines": []}, "EnhancedMetricsRunner.__init__": {"executed_lines": [], "summary": {"covered_lines": 0, "num_statements": 8, "percent_covered": 0.0, "percent_covered_display": "0", "missing_lines": 8, "excluded_lines": 0}, "missing_lines": [182, 183, 184, 185, 188, 189, 190, 193], "excluded_lines": []}, "EnhancedMetricsRunner.run_comprehensive_evaluation": {"executed_lines": [], "summary": {"covered_lines": 0, "num_statements": 20, "percent_covered": 0.0, "percent_covered_display": "0", "missing_lines": 20, "excluded_lines": 0}, "missing_lines": [197, 198, 200, 202, 209, 210, 211, 212, 215, 216, 218, 219, 220, 223, 226, 229, 230, 232, 233, 235], "excluded_lines": []}, "EnhancedMetricsRunner._evaluate_domain": {"executed_lines": [], "summary": {"covered_lines": 0, "num_statements": 16, "percent_covered": 0.0, "percent_covered_display": "0", "missing_lines": 16, "excluded_lines": 0}, "missing_lines": [239, 242, 245, 256, 258, 269, 270, 272, 273, 274, 277, 288, 290, 291, 292, 294], "excluded_lines": []}, "EnhancedMetricsRunner._evaluate_search_mode": {"executed_lines": [], "summary": {"covered_lines": 0, "num_statements": 1, "percent_covered": 0.0, "percent_covered_display": "0", "missing_lines": 1, "excluded_lines": 0}, "missing_lines": [301], "excluded_lines": []}, "EnhancedMetricsRunner._check_performance_alerts": {"executed_lines": [], "summary": {"covered_lines": 0, "num_statements": 14, "percent_covered": 0.0, "percent_covered_display": "0", "missing_lines": 14, "excluded_lines": 0}, "missing_lines": [325, 327, 328, 329, 335, 338, 340, 341, 349, 350, 359, 360, 361, 369], "excluded_lines": []}, "EnhancedMetricsRunner._generate_summary": {"executed_lines": [], "summary": {"covered_lines": 0, "num_statements": 25, "percent_covered": 0.0, "percent_covered_display": "0", "missing_lines": 25, "excluded_lines": 0}, "missing_lines": [373, 382, 383, 385, 386, 387, 388, 390, 392, 393, 394, 395, 397, 398, 399, 402, 403, 411, 412, 413, 416, 417, 419, 420, 422], "excluded_lines": []}, "EnhancedMetricsRunner._save_results": {"executed_lines": [], "summary": {"covered_lines": 0, "num_statements": 5, "percent_covered": 0.0, "percent_covered_display": "0", "missing_lines": 5, "excluded_lines": 0}, "missing_lines": [426, 427, 429, 430, 432], "excluded_lines": []}, "EnhancedMetricsRunner._generate_html_report": {"executed_lines": [], "summary": {"covered_lines": 0, "num_statements": 6, "percent_covered": 0.0, "percent_covered_display": "0", "missing_lines": 6, "excluded_lines": 0}, "missing_lines": [438, 439, 441, 477, 478, 480], "excluded_lines": []}, "EnhancedMetricsRunner._generate_csv_export": {"executed_lines": [], "summary": {"covered_lines": 0, "num_statements": 15, "percent_covered": 0.0, "percent_covered_display": "0", "missing_lines": 15, "excluded_lines": 0}, "missing_lines": [484, 485, 488, 489, 490, 491, 493, 494, 495, 497, 505, 507, 508, 509, 510], "excluded_lines": []}, "main": {"executed_lines": [], "summary": {"covered_lines": 0, "num_statements": 9, "percent_covered": 0.0, "percent_covered_display": "0", "missing_lines": 9, "excluded_lines": 0}, "missing_lines": [515, 522, 523, 525, 526, 528, 529, 530, 531], "excluded_lines": []}, "": {"executed_lines": [], "summary": {"covered_lines": 0, "num_statements": 58, "percent_covered": 0.0, "percent_covered_display": "0", "missing_lines": 58, "excluded_lines": 2}, "missing_lines": [7, 8, 9, 10, 11, 12, 13, 14, 15, 16, 17, 18, 20, 21, 22, 24, 27, 28, 32, 33, 34, 37, 38, 39, 42, 43, 44, 47, 48, 51, 52, 55, 56, 57, 58, 59, 60, 61, 62, 63, 65, 69, 72, 77, 91, 105, 160, 178, 181, 195, 237, 296, 323, 371, 424, 434, 482, 513], "excluded_lines": [534, 535]}}, "classes": {"GoldSetConfig": {"executed_lines": [], "summary": {"covered_lines": 0, "num_statements": 0, "percent_covered": 100.0, "percent_covered_display": "100", "missing_lines": 0, "excluded_lines": 0}, "missing_lines": [], "excluded_lines": []}, "MetricsSnapshot": {"executed_lines": [], "summary": {"covered_lines": 0, "num_statements": 1, "percent_covered": 0.0, "percent_covered_display": "0", "missing_lines": 1, "excluded_lines": 0}, "missing_lines": [66], "excluded_lines": []}, "GoldSetManager": {"executed_lines": [], "summary": {"covered_lines": 0, "num_statements": 28, "percent_covered": 0.0, "percent_covered_display": "0", "missing_lines": 28, "excluded_lines": 0}, "missing_lines": [73, 74, 75, 79, 81, 82, 83, 85, 86, 87, 89, 93, 94, 96, 97, 113, 136, 137, 139, 146, 148, 157, 158, 162, 164, 172, 173, 175], "excluded_lines": []}, "EnhancedMetricsRunner": {"executed_lines": [], "summary": {"covered_lines": 0, "num_statements": 110, "percent_covered": 0.0, "percent_covered_display": "0", "missing_lines": 110, "excluded_lines": 0}, "missing_lines": [182, 183, 184, 185, 188, 189, 190, 193, 197, 198, 200, 202, 209, 210, 211, 212, 215, 216, 218, 219, 220, 223, 226, 229, 230, 232, 233, 235, 239, 242, 245, 256, 258, 269, 270, 272, 273, 274, 277, 288, 290, 291, 292, 294, 301, 325, 327, 328, 329, 335, 338, 340, 341, 349, 350, 359, 360, 361, 369, 373, 382, 383, 385, 386, 387, 388, 390, 392, 393, 394, 395, 397, 398, 399, 402, 403, 411, 412, 413, 416, 417, 419, 420, 422, 426, 427, 429, 430, 432, 438, 439, 441, 477, 478, 480, 484, 485, 488, 489, 490, 491, 493, 494, 495, 497, 505, 507, 508, 509, 510], "excluded_lines": []}, "": {"executed_lines": [], "summary": {"covered_lines": 0, "num_statements": 67, "percent_covered": 0.0, "percent_covered_display": "0", "missing_lines": 67, "excluded_lines": 2}, "missing_lines": [7, 8, 9, 10, 11, 12, 13, 14, 15, 16, 17, 18, 20, 21, 22, 24, 27, 28, 32, 33, 34, 37, 38, 39, 42, 43, 44, 47, 48, 51, 52, 55, 56, 57, 58, 59, 60, 61, 62, 63, 65, 69, 72, 77, 91, 105, 160, 178, 181, 195, 237, 296, 323, 371, 424, 434, 482, 513, 515, 522, 523, 525, 526, 528, 529, 530, 531], "excluded_lines": [534, 535]}}}, "evaluation\\harness.py": {"executed_lines": [], "summary": {"covered_lines": 0, "num_statements": 199, "percent_covered": 0.0, "percent_covered_display": "0", "missing_lines": 199, "excluded_lines": 0}, "missing_lines": [7, 8, 9, 10, 11, 12, 13, 14, 16, 22, 23, 25, 28, 29, 33, 34, 37, 38, 41, 42, 45, 46, 49, 50, 52, 53, 54, 60, 61, 64, 65, 68, 69, 70, 71, 72, 73, 74, 76, 78, 80, 82, 83, 85, 86, 88, 91, 94, 95, 96, 97, 98, 99, 102, 108, 110, 124, 125, 127, 130, 131, 134, 135, 138, 139, 140, 143, 144, 146, 147, 150, 151, 154, 157, 160, 163, 165, 166, 167, 168, 169, 172, 177, 192, 193, 194, 196, 197, 199, 201, 202, 203, 205, 206, 208, 210, 211, 212, 213, 216, 217, 218, 221, 222, 223, 227, 229, 231, 237, 245, 246, 247, 248, 249, 250, 251, 254, 256, 257, 258, 259, 260, 265, 267, 276, 277, 278, 288, 289, 292, 293, 294, 295, 297, 299, 306, 309, 310, 313, 316, 320, 321, 322, 325, 330, 331, 334, 337, 341, 346, 347, 351, 353, 359, 361, 362, 364, 378, 379, 381, 383, 390, 398, 400, 401, 402, 404, 405, 406, 407, 409, 410, 416, 417, 418, 419, 421, 422, 425, 426, 430, 435, 436, 437, 441, 442, 446, 448, 450, 452, 453, 454, 455, 456, 457, 459, 465, 466, 472], "excluded_lines": [], "functions": {"EvaluationConfig.__post_init__": {"executed_lines": [], "summary": {"covered_lines": 0, "num_statements": 4, "percent_covered": 0.0, "percent_covered_display": "0", "missing_lines": 4, "excluded_lines": 0}, "missing_lines": [53, 54, 60, 61], "excluded_lines": []}, "EvaluationResult.to_dict": {"executed_lines": [], "summary": {"covered_lines": 0, "num_statements": 1, "percent_covered": 0.0, "percent_covered_display": "0", "missing_lines": 1, "excluded_lines": 0}, "missing_lines": [78], "excluded_lines": []}, "EvaluationResult.save": {"executed_lines": [], "summary": {"covered_lines": 0, "num_statements": 5, "percent_covered": 0.0, "percent_covered_display": "0", "missing_lines": 5, "excluded_lines": 0}, "missing_lines": [82, 83, 85, 86, 88], "excluded_lines": []}, "EvaluationHarness.__init__": {"executed_lines": [], "summary": {"covered_lines": 0, "num_statements": 7, "percent_covered": 0.0, "percent_covered_display": "0", "missing_lines": 7, "excluded_lines": 0}, "missing_lines": [95, 96, 97, 98, 99, 102, 108], "excluded_lines": []}, "EvaluationHarness.run_evaluation": {"executed_lines": [], "summary": {"covered_lines": 0, "num_statements": 32, "percent_covered": 0.0, "percent_covered_display": "0", "missing_lines": 32, "excluded_lines": 0}, "missing_lines": [124, 125, 127, 130, 131, 134, 135, 138, 139, 140, 143, 144, 146, 147, 150, 151, 154, 157, 160, 163, 165, 166, 167, 168, 169, 172, 177, 192, 193, 194, 196, 197], "excluded_lines": []}, "EvaluationHarness._load_or_create_dataset": {"executed_lines": [], "summary": {"covered_lines": 0, "num_statements": 5, "percent_covered": 0.0, "percent_covered_display": "0", "missing_lines": 5, "excluded_lines": 0}, "missing_lines": [201, 202, 203, 205, 206], "excluded_lines": []}, "EvaluationHarness._get_benchmark": {"executed_lines": [], "summary": {"covered_lines": 0, "num_statements": 12, "percent_covered": 0.0, "percent_covered_display": "0", "missing_lines": 12, "excluded_lines": 0}, "missing_lines": [210, 211, 212, 213, 216, 217, 218, 221, 222, 223, 227, 229], "excluded_lines": []}, "EvaluationHarness._run_benchmark_queries": {"executed_lines": [], "summary": {"covered_lines": 0, "num_statements": 17, "percent_covered": 0.0, "percent_covered_display": "0", "missing_lines": 17, "excluded_lines": 0}, "missing_lines": [237, 245, 246, 247, 248, 249, 250, 251, 254, 256, 288, 289, 292, 293, 294, 295, 297], "excluded_lines": []}, "EvaluationHarness._run_benchmark_queries.run_single_query": {"executed_lines": [], "summary": {"covered_lines": 0, "num_statements": 9, "percent_covered": 0.0, "percent_covered_display": "0", "missing_lines": 9, "excluded_lines": 0}, "missing_lines": [257, 258, 259, 260, 265, 267, 276, 277, 278], "excluded_lines": []}, "EvaluationHarness._calculate_metrics": {"executed_lines": [], "summary": {"covered_lines": 0, "num_statements": 17, "percent_covered": 0.0, "percent_covered_display": "0", "missing_lines": 17, "excluded_lines": 0}, "missing_lines": [306, 309, 310, 313, 316, 320, 321, 322, 325, 330, 331, 334, 337, 341, 346, 347, 351], "excluded_lines": []}, "EvaluationHarness._calculate_performance_stats": {"executed_lines": [], "summary": {"covered_lines": 0, "num_statements": 7, "percent_covered": 0.0, "percent_covered_display": "0", "missing_lines": 7, "excluded_lines": 0}, "missing_lines": [359, 361, 362, 364, 378, 379, 381], "excluded_lines": []}, "EvaluationHarness._generate_summary": {"executed_lines": [], "summary": {"covered_lines": 0, "num_statements": 26, "percent_covered": 0.0, "percent_covered_display": "0", "missing_lines": 26, "excluded_lines": 0}, "missing_lines": [390, 398, 400, 401, 402, 404, 405, 406, 407, 409, 410, 416, 417, 418, 419, 421, 422, 425, 426, 430, 435, 436, 437, 441, 442, 446], "excluded_lines": []}, "EvaluationHarness.run_quick_evaluation": {"executed_lines": [], "summary": {"covered_lines": 0, "num_statements": 11, "percent_covered": 0.0, "percent_covered_display": "0", "missing_lines": 11, "excluded_lines": 0}, "missing_lines": [450, 452, 453, 454, 455, 456, 457, 459, 465, 466, 472], "excluded_lines": []}, "": {"executed_lines": [], "summary": {"covered_lines": 0, "num_statements": 46, "percent_covered": 0.0, "percent_covered_display": "0", "missing_lines": 46, "excluded_lines": 0}, "missing_lines": [7, 8, 9, 10, 11, 12, 13, 14, 16, 22, 23, 25, 28, 29, 33, 34, 37, 38, 41, 42, 45, 46, 49, 50, 52, 64, 65, 68, 69, 70, 71, 72, 73, 74, 76, 80, 91, 94, 110, 199, 208, 231, 299, 353, 383, 448], "excluded_lines": []}}, "classes": {"EvaluationConfig": {"executed_lines": [], "summary": {"covered_lines": 0, "num_statements": 4, "percent_covered": 0.0, "percent_covered_display": "0", "missing_lines": 4, "excluded_lines": 0}, "missing_lines": [53, 54, 60, 61], "excluded_lines": []}, "EvaluationResult": {"executed_lines": [], "summary": {"covered_lines": 0, "num_statements": 6, "percent_covered": 0.0, "percent_covered_display": "0", "missing_lines": 6, "excluded_lines": 0}, "missing_lines": [78, 82, 83, 85, 86, 88], "excluded_lines": []}, "EvaluationHarness": {"executed_lines": [], "summary": {"covered_lines": 0, "num_statements": 143, "percent_covered": 0.0, "percent_covered_display": "0", "missing_lines": 143, "excluded_lines": 0}, "missing_lines": [95, 96, 97, 98, 99, 102, 108, 124, 125, 127, 130, 131, 134, 135, 138, 139, 140, 143, 144, 146, 147, 150, 151, 154, 157, 160, 163, 165, 166, 167, 168, 169, 172, 177, 192, 193, 194, 196, 197, 201, 202, 203, 205, 206, 210, 211, 212, 213, 216, 217, 218, 221, 222, 223, 227, 229, 237, 245, 246, 247, 248, 249, 250, 251, 254, 256, 257, 258, 259, 260, 265, 267, 276, 277, 278, 288, 289, 292, 293, 294, 295, 297, 306, 309, 310, 313, 316, 320, 321, 322, 325, 330, 331, 334, 337, 341, 346, 347, 351, 359, 361, 362, 364, 378, 379, 381, 390, 398, 400, 401, 402, 404, 405, 406, 407, 409, 410, 416, 417, 418, 419, 421, 422, 425, 426, 430, 435, 436, 437, 441, 442, 446, 450, 452, 453, 454, 455, 456, 457, 459, 465, 466, 472], "excluded_lines": []}, "": {"executed_lines": [], "summary": {"covered_lines": 0, "num_statements": 46, "percent_covered": 0.0, "percent_covered_display": "0", "missing_lines": 46, "excluded_lines": 0}, "missing_lines": [7, 8, 9, 10, 11, 12, 13, 14, 16, 22, 23, 25, 28, 29, 33, 34, 37, 38, 41, 42, 45, 46, 49, 50, 52, 64, 65, 68, 69, 70, 71, 72, 73, 74, 76, 80, 91, 94, 110, 199, 208, 231, 299, 353, 383, 448], "excluded_lines": []}}}, "evaluation\\metrics.py": {"executed_lines": [], "summary": {"covered_lines": 0, "num_statements": 207, "percent_covered": 0.0, "percent_covered_display": "0", "missing_lines": 207, "excluded_lines": 0}, "missing_lines": [7, 8, 9, 10, 11, 14, 17, 27, 28, 30, 31, 32, 33, 35, 36, 38, 39, 40, 42, 43, 44, 46, 48, 58, 59, 61, 62, 63, 64, 66, 67, 69, 70, 71, 73, 74, 75, 77, 79, 89, 90, 92, 93, 95, 97, 107, 108, 110, 111, 113, 114, 116, 117, 118, 119, 120, 122, 124, 133, 134, 136, 137, 138, 139, 141, 142, 144, 145, 147, 149, 160, 161, 162, 164, 165, 167, 169, 179, 180, 182, 183, 184, 185, 187, 188, 190, 191, 192, 195, 198, 199, 201, 202, 204, 206, 209, 212, 221, 222, 224, 225, 227, 239, 240, 242, 243, 245, 246, 247, 249, 250, 251, 252, 253, 255, 256, 258, 260, 270, 271, 273, 274, 275, 276, 278, 279, 280, 281, 283, 285, 298, 299, 300, 301, 302, 304, 305, 307, 308, 309, 310, 313, 314, 315, 316, 319, 320, 321, 322, 323, 324, 325, 326, 328, 329, 331, 332, 334, 337, 340, 349, 350, 352, 362, 363, 364, 366, 368, 378, 379, 381, 382, 384, 393, 394, 396, 397, 400, 403, 422, 423, 424, 427, 428, 429, 430, 432, 434, 435, 437, 439, 450, 452, 463, 466, 469, 479, 480, 482, 484, 497, 498, 500, 501, 504, 505, 507], "excluded_lines": [], "functions": {"RelevanceMetrics.precision_at_k": {"executed_lines": [], "summary": {"covered_lines": 0, "num_statements": 15, "percent_covered": 0.0, "percent_covered_display": "0", "missing_lines": 15, "excluded_lines": 0}, "missing_lines": [27, 28, 30, 31, 32, 33, 35, 36, 38, 39, 40, 42, 43, 44, 46], "excluded_lines": []}, "RelevanceMetrics.recall_at_k": {"executed_lines": [], "summary": {"covered_lines": 0, "num_statements": 15, "percent_covered": 0.0, "percent_covered_display": "0", "missing_lines": 15, "excluded_lines": 0}, "missing_lines": [58, 59, 61, 62, 63, 64, 66, 67, 69, 70, 71, 73, 74, 75, 77], "excluded_lines": []}, "RelevanceMetrics.f1_at_k": {"executed_lines": [], "summary": {"covered_lines": 0, "num_statements": 5, "percent_covered": 0.0, "percent_covered_display": "0", "missing_lines": 5, "excluded_lines": 0}, "missing_lines": [89, 90, 92, 93, 95], "excluded_lines": []}, "RelevanceMetrics.average_precision": {"executed_lines": [], "summary": {"covered_lines": 0, "num_statements": 12, "percent_covered": 0.0, "percent_covered_display": "0", "missing_lines": 12, "excluded_lines": 0}, "missing_lines": [107, 108, 110, 111, 113, 114, 116, 117, 118, 119, 120, 122], "excluded_lines": []}, "RelevanceMetrics.mean_average_precision": {"executed_lines": [], "summary": {"covered_lines": 0, "num_statements": 11, "percent_covered": 0.0, "percent_covered_display": "0", "missing_lines": 11, "excluded_lines": 0}, "missing_lines": [133, 134, 136, 137, 138, 139, 141, 142, 144, 145, 147], "excluded_lines": []}, "RelevanceMetrics.dcg_at_k": {"executed_lines": [], "summary": {"covered_lines": 0, "num_statements": 6, "percent_covered": 0.0, "percent_covered_display": "0", "missing_lines": 6, "excluded_lines": 0}, "missing_lines": [160, 161, 162, 164, 165, 167], "excluded_lines": []}, "RelevanceMetrics.ndcg_at_k": {"executed_lines": [], "summary": {"covered_lines": 0, "num_statements": 18, "percent_covered": 0.0, "percent_covered_display": "0", "missing_lines": 18, "excluded_lines": 0}, "missing_lines": [179, 180, 182, 183, 184, 185, 187, 188, 190, 191, 192, 195, 198, 199, 201, 202, 204, 206], "excluded_lines": []}, "SearchQualityMetrics.query_success_rate": {"executed_lines": [], "summary": {"covered_lines": 0, "num_statements": 4, "percent_covered": 0.0, "percent_covered_display": "0", "missing_lines": 4, "excluded_lines": 0}, "missing_lines": [221, 222, 224, 225], "excluded_lines": []}, "SearchQualityMetrics.result_diversity": {"executed_lines": [], "summary": {"covered_lines": 0, "num_statements": 15, "percent_covered": 0.0, "percent_covered_display": "0", "missing_lines": 15, "excluded_lines": 0}, "missing_lines": [239, 240, 242, 243, 245, 246, 247, 249, 250, 251, 252, 253, 255, 256, 258], "excluded_lines": []}, "SearchQualityMetrics.coverage_ratio": {"executed_lines": [], "summary": {"covered_lines": 0, "num_statements": 11, "percent_covered": 0.0, "percent_covered_display": "0", "missing_lines": 11, "excluded_lines": 0}, "missing_lines": [270, 271, 273, 274, 275, 276, 278, 279, 280, 281, 283], "excluded_lines": []}, "SearchQualityMetrics.result_consistency": {"executed_lines": [], "summary": {"covered_lines": 0, "num_statements": 28, "percent_covered": 0.0, "percent_covered_display": "0", "missing_lines": 28, "excluded_lines": 0}, "missing_lines": [298, 299, 300, 301, 302, 304, 305, 307, 308, 309, 310, 313, 314, 315, 316, 319, 320, 321, 322, 323, 324, 325, 326, 328, 329, 331, 332, 334], "excluded_lines": []}, "PerformanceMetrics.average_response_time": {"executed_lines": [], "summary": {"covered_lines": 0, "num_statements": 2, "percent_covered": 0.0, "percent_covered_display": "0", "missing_lines": 2, "excluded_lines": 0}, "missing_lines": [349, 350], "excluded_lines": []}, "PerformanceMetrics.percentile_response_time": {"executed_lines": [], "summary": {"covered_lines": 0, "num_statements": 4, "percent_covered": 0.0, "percent_covered_display": "0", "missing_lines": 4, "excluded_lines": 0}, "missing_lines": [362, 363, 364, 366], "excluded_lines": []}, "PerformanceMetrics.throughput": {"executed_lines": [], "summary": {"covered_lines": 0, "num_statements": 4, "percent_covered": 0.0, "percent_covered_display": "0", "missing_lines": 4, "excluded_lines": 0}, "missing_lines": [378, 379, 381, 382], "excluded_lines": []}, "PerformanceMetrics.error_rate": {"executed_lines": [], "summary": {"covered_lines": 0, "num_statements": 4, "percent_covered": 0.0, "percent_covered_display": "0", "missing_lines": 4, "excluded_lines": 0}, "missing_lines": [393, 394, 396, 397], "excluded_lines": []}, "EmbeddingQualityMetrics.coherence_score": {"executed_lines": [], "summary": {"covered_lines": 0, "num_statements": 11, "percent_covered": 0.0, "percent_covered_display": "0", "missing_lines": 11, "excluded_lines": 0}, "missing_lines": [422, 423, 424, 427, 428, 429, 430, 432, 434, 435, 437], "excluded_lines": []}, "EmbeddingQualityMetrics.embedding_coverage": {"executed_lines": [], "summary": {"covered_lines": 0, "num_statements": 1, "percent_covered": 0.0, "percent_covered_display": "0", "missing_lines": 1, "excluded_lines": 0}, "missing_lines": [450], "excluded_lines": []}, "EmbeddingQualityMetrics.semantic_drift": {"executed_lines": [], "summary": {"covered_lines": 0, "num_statements": 1, "percent_covered": 0.0, "percent_covered_display": "0", "missing_lines": 1, "excluded_lines": 0}, "missing_lines": [463], "excluded_lines": []}, "ComparisonMetrics.relative_improvement": {"executed_lines": [], "summary": {"covered_lines": 0, "num_statements": 3, "percent_covered": 0.0, "percent_covered_display": "0", "missing_lines": 3, "excluded_lines": 0}, "missing_lines": [479, 480, 482], "excluded_lines": []}, "ComparisonMetrics.statistical_significance": {"executed_lines": [], "summary": {"covered_lines": 0, "num_statements": 7, "percent_covered": 0.0, "percent_covered_display": "0", "missing_lines": 7, "excluded_lines": 0}, "missing_lines": [497, 498, 500, 501, 504, 505, 507], "excluded_lines": []}, "": {"executed_lines": [], "summary": {"covered_lines": 0, "num_statements": 30, "percent_covered": 0.0, "percent_covered_display": "0", "missing_lines": 30, "excluded_lines": 0}, "missing_lines": [7, 8, 9, 10, 11, 14, 17, 48, 79, 97, 124, 149, 169, 209, 212, 227, 260, 285, 337, 340, 352, 368, 384, 400, 403, 439, 452, 466, 469, 484], "excluded_lines": []}}, "classes": {"RelevanceMetrics": {"executed_lines": [], "summary": {"covered_lines": 0, "num_statements": 82, "percent_covered": 0.0, "percent_covered_display": "0", "missing_lines": 82, "excluded_lines": 0}, "missing_lines": [27, 28, 30, 31, 32, 33, 35, 36, 38, 39, 40, 42, 43, 44, 46, 58, 59, 61, 62, 63, 64, 66, 67, 69, 70, 71, 73, 74, 75, 77, 89, 90, 92, 93, 95, 107, 108, 110, 111, 113, 114, 116, 117, 118, 119, 120, 122, 133, 134, 136, 137, 138, 139, 141, 142, 144, 145, 147, 160, 161, 162, 164, 165, 167, 179, 180, 182, 183, 184, 185, 187, 188, 190, 191, 192, 195, 198, 199, 201, 202, 204, 206], "excluded_lines": []}, "SearchQualityMetrics": {"executed_lines": [], "summary": {"covered_lines": 0, "num_statements": 58, "percent_covered": 0.0, "percent_covered_display": "0", "missing_lines": 58, "excluded_lines": 0}, "missing_lines": [221, 222, 224, 225, 239, 240, 242, 243, 245, 246, 247, 249, 250, 251, 252, 253, 255, 256, 258, 270, 271, 273, 274, 275, 276, 278, 279, 280, 281, 283, 298, 299, 300, 301, 302, 304, 305, 307, 308, 309, 310, 313, 314, 315, 316, 319, 320, 321, 322, 323, 324, 325, 326, 328, 329, 331, 332, 334], "excluded_lines": []}, "PerformanceMetrics": {"executed_lines": [], "summary": {"covered_lines": 0, "num_statements": 14, "percent_covered": 0.0, "percent_covered_display": "0", "missing_lines": 14, "excluded_lines": 0}, "missing_lines": [349, 350, 362, 363, 364, 366, 378, 379, 381, 382, 393, 394, 396, 397], "excluded_lines": []}, "EmbeddingQualityMetrics": {"executed_lines": [], "summary": {"covered_lines": 0, "num_statements": 13, "percent_covered": 0.0, "percent_covered_display": "0", "missing_lines": 13, "excluded_lines": 0}, "missing_lines": [422, 423, 424, 427, 428, 429, 430, 432, 434, 435, 437, 450, 463], "excluded_lines": []}, "ComparisonMetrics": {"executed_lines": [], "summary": {"covered_lines": 0, "num_statements": 10, "percent_covered": 0.0, "percent_covered_display": "0", "missing_lines": 10, "excluded_lines": 0}, "missing_lines": [479, 480, 482, 497, 498, 500, 501, 504, 505, 507], "excluded_lines": []}, "": {"executed_lines": [], "summary": {"covered_lines": 0, "num_statements": 30, "percent_covered": 0.0, "percent_covered_display": "0", "missing_lines": 30, "excluded_lines": 0}, "missing_lines": [7, 8, 9, 10, 11, 14, 17, 48, 79, 97, 124, 149, 169, 209, 212, 227, 260, 285, 337, 340, 352, 368, 384, 400, 403, 439, 452, 466, 469, 484], "excluded_lines": []}}}, "observability\\__init__.py": {"executed_lines": [], "summary": {"covered_lines": 0, "num_statements": 5, "percent_covered": 0.0, "percent_covered_display": "0", "missing_lines": 5, "excluded_lines": 0}, "missing_lines": [3, 14, 20, 21, 32], "excluded_lines": [], "functions": {"": {"executed_lines": [], "summary": {"covered_lines": 0, "num_statements": 5, "percent_covered": 0.0, "percent_covered_display": "0", "missing_lines": 5, "excluded_lines": 0}, "missing_lines": [3, 14, 20, 21, 32], "excluded_lines": []}}, "classes": {"": {"executed_lines": [], "summary": {"covered_lines": 0, "num_statements": 5, "percent_covered": 0.0, "percent_covered_display": "0", "missing_lines": 5, "excluded_lines": 0}, "missing_lines": [3, 14, 20, 21, 32], "excluded_lines": []}}}, "observability\\logging.py": {"executed_lines": [], "summary": {"covered_lines": 0, "num_statements": 117, "percent_covered": 0.0, "percent_covered_display": "0", "missing_lines": 117, "excluded_lines": 20}, "missing_lines": [1, 2, 3, 4, 5, 6, 7, 9, 12, 13, 14, 16, 18, 30, 31, 34, 35, 42, 44, 46, 50, 57, 59, 60, 61, 63, 66, 69, 72, 73, 74, 77, 78, 80, 82, 99, 102, 103, 106, 109, 110, 112, 113, 115, 117, 118, 121, 122, 123, 125, 126, 129, 130, 131, 134, 135, 136, 137, 139, 141, 143, 146, 147, 148, 150, 153, 156, 157, 159, 161, 163, 165, 167, 169, 171, 173, 175, 177, 179, 181, 182, 183, 185, 187, 190, 192, 193, 194, 196, 197, 208, 209, 210, 219, 220, 221, 231, 233, 234, 236, 238, 239, 241, 242, 243, 245, 246, 247, 249, 250, 260, 261, 262, 263, 273, 275, 276], "excluded_lines": [279, 281, 289, 290, 291, 292, 295, 301, 309, 310, 311, 312, 313, 314, 317, 318, 321, 322, 323, 324], "functions": {"JSONFormatter.__init__": {"executed_lines": [], "summary": {"covered_lines": 0, "num_statements": 2, "percent_covered": 0.0, "percent_covered_display": "0", "missing_lines": 2, "excluded_lines": 0}, "missing_lines": [13, 14], "excluded_lines": []}, "JSONFormatter.format": {"executed_lines": [], "summary": {"covered_lines": 0, "num_statements": 7, "percent_covered": 0.0, "percent_covered_display": "0", "missing_lines": 7, "excluded_lines": 0}, "missing_lines": [18, 30, 31, 34, 35, 42, 44], "excluded_lines": []}, "ColoredFormatter.__init__": {"executed_lines": [], "summary": {"covered_lines": 0, "num_statements": 2, "percent_covered": 0.0, "percent_covered_display": "0", "missing_lines": 2, "excluded_lines": 0}, "missing_lines": [60, 61], "excluded_lines": []}, "ColoredFormatter.format": {"executed_lines": [], "summary": {"covered_lines": 0, "num_statements": 8, "percent_covered": 0.0, "percent_covered_display": "0", "missing_lines": 8, "excluded_lines": 0}, "missing_lines": [66, 69, 72, 73, 74, 77, 78, 80], "excluded_lines": []}, "setup_logging": {"executed_lines": [], "summary": {"covered_lines": 0, "num_statements": 23, "percent_covered": 0.0, "percent_covered_display": "0", "missing_lines": 23, "excluded_lines": 0}, "missing_lines": [99, 102, 103, 106, 109, 110, 112, 113, 115, 117, 118, 121, 122, 123, 125, 126, 129, 130, 131, 134, 135, 136, 137], "excluded_lines": []}, "get_logger": {"executed_lines": [], "summary": {"covered_lines": 0, "num_statements": 1, "percent_covered": 0.0, "percent_covered_display": "0", "missing_lines": 1, "excluded_lines": 0}, "missing_lines": [141], "excluded_lines": []}, "StructuredLogger.__init__": {"executed_lines": [], "summary": {"covered_lines": 0, "num_statements": 2, "percent_covered": 0.0, "percent_covered_display": "0", "missing_lines": 2, "excluded_lines": 0}, "missing_lines": [147, 148], "excluded_lines": []}, "StructuredLogger._log": {"executed_lines": [], "summary": {"covered_lines": 0, "num_statements": 3, "percent_covered": 0.0, "percent_covered_display": "0", "missing_lines": 3, "excluded_lines": 0}, "missing_lines": [153, 156, 157], "excluded_lines": []}, "StructuredLogger.debug": {"executed_lines": [], "summary": {"covered_lines": 0, "num_statements": 1, "percent_covered": 0.0, "percent_covered_display": "0", "missing_lines": 1, "excluded_lines": 0}, "missing_lines": [161], "excluded_lines": []}, "StructuredLogger.info": {"executed_lines": [], "summary": {"covered_lines": 0, "num_statements": 1, "percent_covered": 0.0, "percent_covered_display": "0", "missing_lines": 1, "excluded_lines": 0}, "missing_lines": [165], "excluded_lines": []}, "StructuredLogger.warning": {"executed_lines": [], "summary": {"covered_lines": 0, "num_statements": 1, "percent_covered": 0.0, "percent_covered_display": "0", "missing_lines": 1, "excluded_lines": 0}, "missing_lines": [169], "excluded_lines": []}, "StructuredLogger.error": {"executed_lines": [], "summary": {"covered_lines": 0, "num_statements": 1, "percent_covered": 0.0, "percent_covered_display": "0", "missing_lines": 1, "excluded_lines": 0}, "missing_lines": [173], "excluded_lines": []}, "StructuredLogger.critical": {"executed_lines": [], "summary": {"covered_lines": 0, "num_statements": 1, "percent_covered": 0.0, "percent_covered_display": "0", "missing_lines": 1, "excluded_lines": 0}, "missing_lines": [177], "excluded_lines": []}, "StructuredLogger.exception": {"executed_lines": [], "summary": {"covered_lines": 0, "num_statements": 3, "percent_covered": 0.0, "percent_covered_display": "0", "missing_lines": 3, "excluded_lines": 0}, "missing_lines": [181, 182, 183], "excluded_lines": []}, "get_structured_logger": {"executed_lines": [], "summary": {"covered_lines": 0, "num_statements": 1, "percent_covered": 0.0, "percent_covered_display": "0", "missing_lines": 1, "excluded_lines": 0}, "missing_lines": [187], "excluded_lines": []}, "log_function_call": {"executed_lines": [], "summary": {"covered_lines": 0, "num_statements": 2, "percent_covered": 0.0, "percent_covered_display": "0", "missing_lines": 2, "excluded_lines": 0}, "missing_lines": [192, 234], "excluded_lines": []}, "log_function_call.decorator": {"executed_lines": [], "summary": {"covered_lines": 0, "num_statements": 4, "percent_covered": 0.0, "percent_covered_display": "0", "missing_lines": 4, "excluded_lines": 0}, "missing_lines": [193, 194, 196, 233], "excluded_lines": []}, "log_function_call.decorator.wrapper": {"executed_lines": [], "summary": {"covered_lines": 0, "num_statements": 8, "percent_covered": 0.0, "percent_covered_display": "0", "missing_lines": 8, "excluded_lines": 0}, "missing_lines": [197, 208, 209, 210, 219, 220, 221, 231], "excluded_lines": []}, "log_performance": {"executed_lines": [], "summary": {"covered_lines": 0, "num_statements": 2, "percent_covered": 0.0, "percent_covered_display": "0", "missing_lines": 2, "excluded_lines": 0}, "missing_lines": [238, 276], "excluded_lines": []}, "log_performance.decorator": {"executed_lines": [], "summary": {"covered_lines": 0, "num_statements": 3, "percent_covered": 0.0, "percent_covered_display": "0", "missing_lines": 3, "excluded_lines": 0}, "missing_lines": [239, 241, 275], "excluded_lines": []}, "log_performance.decorator.wrapper": {"executed_lines": [], "summary": {"covered_lines": 0, "num_statements": 12, "percent_covered": 0.0, "percent_covered_display": "0", "missing_lines": 12, "excluded_lines": 0}, "missing_lines": [242, 243, 245, 246, 247, 249, 250, 260, 261, 262, 263, 273], "excluded_lines": []}, "example_function": {"executed_lines": [], "summary": {"covered_lines": 0, "num_statements": 0, "percent_covered": 100.0, "percent_covered_display": "100", "missing_lines": 0, "excluded_lines": 3}, "missing_lines": [], "excluded_lines": [312, 313, 314]}, "": {"executed_lines": [], "summary": {"covered_lines": 0, "num_statements": 29, "percent_covered": 0.0, "percent_covered_display": "0", "missing_lines": 29, "excluded_lines": 17}, "missing_lines": [1, 2, 3, 4, 5, 6, 7, 9, 12, 16, 46, 50, 57, 59, 63, 82, 139, 143, 146, 150, 159, 163, 167, 171, 175, 179, 185, 190, 236], "excluded_lines": [279, 281, 289, 290, 291, 292, 295, 301, 309, 310, 311, 317, 318, 321, 322, 323, 324]}}, "classes": {"JSONFormatter": {"executed_lines": [], "summary": {"covered_lines": 0, "num_statements": 9, "percent_covered": 0.0, "percent_covered_display": "0", "missing_lines": 9, "excluded_lines": 0}, "missing_lines": [13, 14, 18, 30, 31, 34, 35, 42, 44], "excluded_lines": []}, "ColoredFormatter": {"executed_lines": [], "summary": {"covered_lines": 0, "num_statements": 10, "percent_covered": 0.0, "percent_covered_display": "0", "missing_lines": 10, "excluded_lines": 0}, "missing_lines": [60, 61, 66, 69, 72, 73, 74, 77, 78, 80], "excluded_lines": []}, "StructuredLogger": {"executed_lines": [], "summary": {"covered_lines": 0, "num_statements": 13, "percent_covered": 0.0, "percent_covered_display": "0", "missing_lines": 13, "excluded_lines": 0}, "missing_lines": [147, 148, 153, 156, 157, 161, 165, 169, 173, 177, 181, 182, 183], "excluded_lines": []}, "": {"executed_lines": [], "summary": {"covered_lines": 0, "num_statements": 85, "percent_covered": 0.0, "percent_covered_display": "0", "missing_lines": 85, "excluded_lines": 20}, "missing_lines": [1, 2, 3, 4, 5, 6, 7, 9, 12, 16, 46, 50, 57, 59, 63, 82, 99, 102, 103, 106, 109, 110, 112, 113, 115, 117, 118, 121, 122, 123, 125, 126, 129, 130, 131, 134, 135, 136, 137, 139, 141, 143, 146, 150, 159, 163, 167, 171, 175, 179, 185, 187, 190, 192, 193, 194, 196, 197, 208, 209, 210, 219, 220, 221, 231, 233, 234, 236, 238, 239, 241, 242, 243, 245, 246, 247, 249, 250, 260, 261, 262, 263, 273, 275, 276], "excluded_lines": [279, 281, 289, 290, 291, 292, 295, 301, 309, 310, 311, 312, 313, 314, 317, 318, 321, 322, 323, 324]}}}, "observability\\metrics.py": {"executed_lines": [], "summary": {"covered_lines": 0, "num_statements": 174, "percent_covered": 0.0, "percent_covered_display": "0", "missing_lines": 174, "excluded_lines": 8}, "missing_lines": [1, 2, 3, 4, 5, 6, 7, 8, 10, 11, 13, 14, 15, 17, 20, 21, 22, 23, 24, 26, 28, 29, 34, 35, 37, 39, 40, 41, 43, 45, 46, 47, 49, 51, 52, 53, 54, 56, 58, 59, 61, 63, 65, 68, 69, 70, 71, 72, 73, 76, 77, 79, 88, 91, 92, 93, 96, 97, 100, 101, 102, 105, 106, 109, 110, 111, 113, 114, 116, 117, 119, 121, 130, 132, 133, 135, 138, 139, 140, 141, 142, 143, 144, 147, 148, 150, 160, 163, 164, 165, 166, 169, 170, 173, 174, 175, 178, 179, 182, 183, 184, 185, 187, 188, 190, 191, 193, 195, 206, 208, 209, 211, 214, 215, 216, 217, 218, 221, 222, 223, 225, 235, 242, 243, 245, 246, 249, 250, 251, 252, 253, 256, 257, 258, 261, 262, 264, 265, 267, 268, 270, 272, 273, 281, 283, 284, 286, 288, 289, 291, 294, 295, 296, 297, 298, 300, 308, 309, 310, 312, 313, 314, 316, 317, 318, 320, 321, 322, 325, 326, 327, 328, 330, 332], "excluded_lines": [343, 345, 353, 362, 371, 372, 373, 374], "functions": {"MetricsCollector.__init__": {"executed_lines": [], "summary": {"covered_lines": 0, "num_statements": 4, "percent_covered": 0.0, "percent_covered_display": "0", "missing_lines": 4, "excluded_lines": 0}, "missing_lines": [21, 22, 23, 24], "excluded_lines": []}, "MetricsCollector.record": {"executed_lines": [], "summary": {"covered_lines": 0, "num_statements": 4, "percent_covered": 0.0, "percent_covered_display": "0", "missing_lines": 4, "excluded_lines": 0}, "missing_lines": [28, 29, 34, 35], "excluded_lines": []}, "MetricsCollector._cleanup_old_data": {"executed_lines": [], "summary": {"covered_lines": 0, "num_statements": 3, "percent_covered": 0.0, "percent_covered_display": "0", "missing_lines": 3, "excluded_lines": 0}, "missing_lines": [39, 40, 41], "excluded_lines": []}, "MetricsCollector.get_recent_points": {"executed_lines": [], "summary": {"covered_lines": 0, "num_statements": 3, "percent_covered": 0.0, "percent_covered_display": "0", "missing_lines": 3, "excluded_lines": 0}, "missing_lines": [45, 46, 47], "excluded_lines": []}, "MetricsCollector.get_average": {"executed_lines": [], "summary": {"covered_lines": 0, "num_statements": 4, "percent_covered": 0.0, "percent_covered_display": "0", "missing_lines": 4, "excluded_lines": 0}, "missing_lines": [51, 52, 53, 54], "excluded_lines": []}, "MetricsCollector.get_sum": {"executed_lines": [], "summary": {"covered_lines": 0, "num_statements": 2, "percent_covered": 0.0, "percent_covered_display": "0", "missing_lines": 2, "excluded_lines": 0}, "missing_lines": [58, 59], "excluded_lines": []}, "MetricsCollector.get_count": {"executed_lines": [], "summary": {"covered_lines": 0, "num_statements": 1, "percent_covered": 0.0, "percent_covered_display": "0", "missing_lines": 1, "excluded_lines": 0}, "missing_lines": [63], "excluded_lines": []}, "SearchMetrics.__init__": {"executed_lines": [], "summary": {"covered_lines": 0, "num_statements": 7, "percent_covered": 0.0, "percent_covered_display": "0", "missing_lines": 7, "excluded_lines": 0}, "missing_lines": [69, 70, 71, 72, 73, 76, 77], "excluded_lines": []}, "SearchMetrics.record_search_query": {"executed_lines": [], "summary": {"covered_lines": 0, "num_statements": 18, "percent_covered": 0.0, "percent_covered_display": "0", "missing_lines": 18, "excluded_lines": 0}, "missing_lines": [88, 91, 92, 93, 96, 97, 100, 101, 102, 105, 106, 109, 110, 111, 113, 114, 116, 117], "excluded_lines": []}, "SearchMetrics.get_query_stats": {"executed_lines": [], "summary": {"covered_lines": 0, "num_statements": 1, "percent_covered": 0.0, "percent_covered_display": "0", "missing_lines": 1, "excluded_lines": 0}, "missing_lines": [121], "excluded_lines": []}, "SearchMetrics.get_query_type_distribution": {"executed_lines": [], "summary": {"covered_lines": 0, "num_statements": 2, "percent_covered": 0.0, "percent_covered_display": "0", "missing_lines": 2, "excluded_lines": 0}, "missing_lines": [132, 133], "excluded_lines": []}, "IndexingMetrics.__init__": {"executed_lines": [], "summary": {"covered_lines": 0, "num_statements": 8, "percent_covered": 0.0, "percent_covered_display": "0", "missing_lines": 8, "excluded_lines": 0}, "missing_lines": [139, 140, 141, 142, 143, 144, 147, 148], "excluded_lines": []}, "IndexingMetrics.record_document_indexed": {"executed_lines": [], "summary": {"covered_lines": 0, "num_statements": 20, "percent_covered": 0.0, "percent_covered_display": "0", "missing_lines": 20, "excluded_lines": 0}, "missing_lines": [160, 163, 164, 165, 166, 169, 170, 173, 174, 175, 178, 179, 182, 183, 184, 185, 187, 188, 190, 191], "excluded_lines": []}, "IndexingMetrics.get_indexing_stats": {"executed_lines": [], "summary": {"covered_lines": 0, "num_statements": 1, "percent_covered": 0.0, "percent_covered_display": "0", "missing_lines": 1, "excluded_lines": 0}, "missing_lines": [195], "excluded_lines": []}, "IndexingMetrics.get_document_type_distribution": {"executed_lines": [], "summary": {"covered_lines": 0, "num_statements": 2, "percent_covered": 0.0, "percent_covered_display": "0", "missing_lines": 2, "excluded_lines": 0}, "missing_lines": [208, 209], "excluded_lines": []}, "APIMetrics.__init__": {"executed_lines": [], "summary": {"covered_lines": 0, "num_statements": 7, "percent_covered": 0.0, "percent_covered_display": "0", "missing_lines": 7, "excluded_lines": 0}, "missing_lines": [215, 216, 217, 218, 221, 222, 223], "excluded_lines": []}, "APIMetrics.record_api_request": {"executed_lines": [], "summary": {"covered_lines": 0, "num_statements": 19, "percent_covered": 0.0, "percent_covered_display": "0", "missing_lines": 19, "excluded_lines": 0}, "missing_lines": [235, 242, 243, 245, 246, 249, 250, 251, 252, 253, 256, 257, 258, 261, 262, 264, 265, 267, 268], "excluded_lines": []}, "APIMetrics.get_api_stats": {"executed_lines": [], "summary": {"covered_lines": 0, "num_statements": 2, "percent_covered": 0.0, "percent_covered_display": "0", "missing_lines": 2, "excluded_lines": 0}, "missing_lines": [272, 273], "excluded_lines": []}, "APIMetrics.get_endpoint_distribution": {"executed_lines": [], "summary": {"covered_lines": 0, "num_statements": 2, "percent_covered": 0.0, "percent_covered_display": "0", "missing_lines": 2, "excluded_lines": 0}, "missing_lines": [283, 284], "excluded_lines": []}, "APIMetrics.get_status_code_distribution": {"executed_lines": [], "summary": {"covered_lines": 0, "num_statements": 2, "percent_covered": 0.0, "percent_covered_display": "0", "missing_lines": 2, "excluded_lines": 0}, "missing_lines": [288, 289], "excluded_lines": []}, "SystemMetrics.__init__": {"executed_lines": [], "summary": {"covered_lines": 0, "num_statements": 4, "percent_covered": 0.0, "percent_covered_display": "0", "missing_lines": 4, "excluded_lines": 0}, "missing_lines": [295, 296, 297, 298], "excluded_lines": []}, "SystemMetrics.record_system_stats": {"executed_lines": [], "summary": {"covered_lines": 0, "num_statements": 12, "percent_covered": 0.0, "percent_covered_display": "0", "missing_lines": 12, "excluded_lines": 0}, "missing_lines": [308, 309, 310, 312, 313, 314, 316, 317, 318, 320, 321, 322], "excluded_lines": []}, "get_all_metrics_summary": {"executed_lines": [], "summary": {"covered_lines": 0, "num_statements": 1, "percent_covered": 0.0, "percent_covered_display": "0", "missing_lines": 1, "excluded_lines": 0}, "missing_lines": [332], "excluded_lines": []}, "": {"executed_lines": [], "summary": {"covered_lines": 0, "num_statements": 45, "percent_covered": 0.0, "percent_covered_display": "0", "missing_lines": 45, "excluded_lines": 8}, "missing_lines": [1, 2, 3, 4, 5, 6, 7, 8, 10, 11, 13, 14, 15, 17, 20, 26, 37, 43, 49, 56, 61, 65, 68, 79, 119, 130, 135, 138, 150, 193, 206, 211, 214, 225, 270, 281, 286, 291, 294, 300, 325, 326, 327, 328, 330], "excluded_lines": [343, 345, 353, 362, 371, 372, 373, 374]}}, "classes": {"MetricPoint": {"executed_lines": [], "summary": {"covered_lines": 0, "num_statements": 0, "percent_covered": 100.0, "percent_covered_display": "100", "missing_lines": 0, "excluded_lines": 0}, "missing_lines": [], "excluded_lines": []}, "MetricsCollector": {"executed_lines": [], "summary": {"covered_lines": 0, "num_statements": 21, "percent_covered": 0.0, "percent_covered_display": "0", "missing_lines": 21, "excluded_lines": 0}, "missing_lines": [21, 22, 23, 24, 28, 29, 34, 35, 39, 40, 41, 45, 46, 47, 51, 52, 53, 54, 58, 59, 63], "excluded_lines": []}, "SearchMetrics": {"executed_lines": [], "summary": {"covered_lines": 0, "num_statements": 28, "percent_covered": 0.0, "percent_covered_display": "0", "missing_lines": 28, "excluded_lines": 0}, "missing_lines": [69, 70, 71, 72, 73, 76, 77, 88, 91, 92, 93, 96, 97, 100, 101, 102, 105, 106, 109, 110, 111, 113, 114, 116, 117, 121, 132, 133], "excluded_lines": []}, "IndexingMetrics": {"executed_lines": [], "summary": {"covered_lines": 0, "num_statements": 31, "percent_covered": 0.0, "percent_covered_display": "0", "missing_lines": 31, "excluded_lines": 0}, "missing_lines": [139, 140, 141, 142, 143, 144, 147, 148, 160, 163, 164, 165, 166, 169, 170, 173, 174, 175, 178, 179, 182, 183, 184, 185, 187, 188, 190, 191, 195, 208, 209], "excluded_lines": []}, "APIMetrics": {"executed_lines": [], "summary": {"covered_lines": 0, "num_statements": 32, "percent_covered": 0.0, "percent_cover
[...]
vered": 100.0, "percent_covered_display": "100", "missing_lines": 0, "excluded_lines": 0}, "missing_lines": [], "excluded_lines": []}}, "classes": {"": {"executed_lines": [], "summary": {"covered_lines": 0, "num_statements": 0, "percent_covered": 100.0, "percent_covered_display": "100", "missing_lines": 0, "excluded_lines": 0}, "missing_lines": [], "excluded_lines": []}}}, "services\\shared\\__init__.py": {"executed_lines": [], "summary": {"covered_lines": 0, "num_statements": 0, "percent_covered": 100.0, "percent_covered_display": "100", "missing_lines": 0, "excluded_lines": 0}, "missing_lines": [], "excluded_lines": [], "functions": {"": {"executed_lines": [], "summary": {"covered_lines": 0, "num_statements": 0, "percent_covered": 100.0, "percent_covered_display": "100", "missing_lines": 0, "excluded_lines": 0}, "missing_lines": [], "excluded_lines": []}}, "classes": {"": {"executed_lines": [], "summary": {"covered_lines": 0, "num_statements": 0, "percent_covered": 100.0, "percent_covered_display": "100", "missing_lines": 0, "excluded_lines": 0}, "missing_lines": [], "excluded_lines": []}}}, "services\\shared\\incremental.py": {"executed_lines": [], "summary": {"covered_lines": 0, "num_statements": 133, "percent_covered": 0.0, "percent_covered_display": "0", "missing_lines": 133, "excluded_lines": 0}, "missing_lines": [2, 3, 4, 5, 6, 7, 8, 9, 11, 13, 16, 17, 18, 19, 20, 22, 24, 26, 34, 36, 37, 40, 41, 42, 43, 46, 47, 48, 50, 51, 52, 53, 54, 55, 56, 57, 59, 61, 66, 67, 68, 69, 70, 71, 73, 76, 77, 80, 81, 84, 85, 87, 88, 90, 92, 100, 101, 103, 104, 105, 108, 109, 110, 111, 112, 113, 114, 116, 118, 130, 133, 135, 137, 138, 139, 140, 141, 142, 143, 144, 145, 146, 147, 148, 151, 152, 155, 165, 166, 167, 168, 169, 171, 172, 175, 177, 178, 180, 182, 185, 186, 187, 188, 189, 191, 192, 194, 199, 200, 201, 203, 204, 206, 209, 210, 215, 217, 219, 222, 223, 226, 228, 252, 253, 255, 265, 267, 269, 271, 273, 274, 275, 277], "excluded_lines": [], "functions": {"IncrementalProcessor.__init__": {"executed_lines": [], "summary": {"covered_lines": 0, "num_statements": 4, "percent_covered": 0.0, "percent_covered_display": "0", "missing_lines": 4, "excluded_lines": 0}, "missing_lines": [17, 18, 19, 20], "excluded_lines": []}, "IncrementalProcessor.compute_content_hash": {"executed_lines": [], "summary": {"covered_lines": 0, "num_statements": 1, "percent_covered": 0.0, "percent_covered_display": "0", "missing_lines": 1, "excluded_lines": 0}, "missing_lines": [24], "excluded_lines": []}, "IncrementalProcessor.check_document_changed": {"executed_lines": [], "summary": {"covered_lines": 0, "num_statements": 19, "percent_covered": 0.0, "percent_covered_display": "0", "missing_lines": 19, "excluded_lines": 0}, "missing_lines": [34, 36, 37, 40, 41, 42, 43, 46, 47, 48, 50, 51, 52, 53, 54, 55, 56, 57, 59], "excluded_lines": []}, "IncrementalProcessor.check_http_conditional": {"executed_lines": [], "summary": {"covered_lines": 0, "num_statements": 16, "percent_covered": 0.0, "percent_covered_display": "0", "missing_lines": 16, "excluded_lines": 0}, "missing_lines": [66, 67, 68, 69, 70, 71, 73, 76, 77, 80, 81, 84, 85, 87, 88, 90], "excluded_lines": []}, "IncrementalProcessor.needs_reprocessing": {"executed_lines": [], "summary": {"covered_lines": 0, "num_statements": 13, "percent_covered": 0.0, "percent_covered_display": "0", "missing_lines": 13, "excluded_lines": 0}, "missing_lines": [100, 101, 103, 104, 105, 108, 109, 110, 111, 112, 113, 114, 116], "excluded_lines": []}, "IncrementalProcessor.process_document_full": {"executed_lines": [], "summary": {"covered_lines": 0, "num_statements": 29, "percent_covered": 0.0, "percent_covered_display": "0", "missing_lines": 29, "excluded_lines": 0}, "missing_lines": [130, 133, 135, 137, 138, 139, 140, 141, 142, 143, 144, 145, 146, 147, 148, 151, 152, 155, 165, 166, 167, 168, 169, 171, 172, 175, 177, 178, 180], "excluded_lines": []}, "IncrementalProcessor._create_chunks": {"executed_lines": [], "summary": {"covered_lines": 0, "num_statements": 18, "percent_covered": 0.0, "percent_covered_display": "0", "missing_lines": 18, "excluded_lines": 0}, "missing_lines": [185, 186, 187, 188, 189, 191, 192, 194, 199, 200, 201, 203, 204, 206, 209, 210, 215, 217], "excluded_lines": []}, "IncrementalProcessor._create_chunk_with_lineage": {"executed_lines": [], "summary": {"covered_lines": 0, "num_statements": 6, "percent_covered": 0.0, "percent_covered_display": "0", "missing_lines": 6, "excluded_lines": 0}, "missing_lines": [222, 223, 226, 228, 252, 253], "excluded_lines": []}, "IncrementalProcessor._generate_embedding": {"executed_lines": [], "summary": {"covered_lines": 0, "num_statements": 1, "percent_covered": 0.0, "percent_covered_display": "0", "missing_lines": 1, "excluded_lines": 0}, "missing_lines": [265], "excluded_lines": []}, "IncrementalProcessor.count_chunks": {"executed_lines": [], "summary": {"covered_lines": 0, "num_statements": 1, "percent_covered": 0.0, "percent_covered_display": "0", "missing_lines": 1, "excluded_lines": 0}, "missing_lines": [269], "excluded_lines": []}, "IncrementalProcessor.get_processing_stats": {"executed_lines": [], "summary": {"covered_lines": 0, "num_statements": 4, "percent_covered": 0.0, "percent_covered_display": "0", "missing_lines": 4, "excluded_lines": 0}, "missing_lines": [273, 274, 275, 277], "excluded_lines": []}, "": {"executed_lines": [], "summary": {"covered_lines": 0, "num_statements": 21, "percent_covered": 0.0, "percent_covered_display": "0", "missing_lines": 21, "excluded_lines": 0}, "missing_lines": [2, 3, 4, 5, 6, 7, 8, 9, 11, 13, 16, 22, 26, 61, 92, 118, 182, 219, 255, 267, 271], "excluded_lines": []}}, "classes": {"IncrementalProcessor": {"executed_lines": [], "summary": {"covered_lines": 0, "num_statements": 112, "percent_covered": 0.0, "percent_covered_display": "0", "missing_lines": 112, "excluded_lines": 0}, "missing_lines": [17, 18, 19, 20, 24, 34, 36, 37, 40, 41, 42, 43, 46, 47, 48, 50, 51, 52, 53, 54, 55, 56, 57, 59, 66, 67, 68, 69, 70, 71, 73, 76, 77, 80, 81, 84, 85, 87, 88, 90, 100, 101, 103, 104, 105, 108, 109, 110, 111, 112, 113, 114, 116, 130, 133, 135, 137, 138, 139, 140, 141, 142, 143, 144, 145, 146, 147, 148, 151, 152, 155, 165, 166, 167, 168, 169, 171, 172, 175, 177, 178, 180, 185, 186, 187, 188, 189, 191, 192, 194, 199, 200, 201, 203, 204, 206, 209, 210, 215, 217, 222, 223, 226, 228, 252, 253, 265, 269, 273, 274, 275, 277], "excluded_lines": []}, "": {"executed_lines": [], "summary": {"covered_lines": 0, "num_statements": 21, "percent_covered": 0.0, "percent_covered_display": "0", "missing_lines": 21, "excluded_lines": 0}, "missing_lines": [2, 3, 4, 5, 6, 7, 8, 9, 11, 13, 16, 22, 26, 61, 92, 118, 182, 219, 255, 267, 271], "excluded_lines": []}}}, "services\\shared\\lineage.py": {"executed_lines": [], "summary": {"covered_lines": 0, "num_statements": 89, "percent_covered": 0.0, "percent_covered_display": "0", "missing_lines": 89, "excluded_lines": 0}, "missing_lines": [2, 3, 4, 5, 6, 7, 9, 11, 14, 15, 17, 20, 21, 22, 25, 31, 37, 43, 44, 48, 52, 80, 86, 89, 96, 97, 99, 100, 112, 113, 115, 122, 123, 125, 127, 128, 130, 131, 144, 145, 147, 154, 155, 157, 159, 160, 162, 163, 175, 177, 183, 190, 197, 205, 212, 219, 220, 222, 243, 245, 248, 252, 253, 265, 269, 270, 277, 285, 286, 293, 300, 301, 308, 309, 311, 322, 324, 325, 326, 328, 329, 330, 337, 356, 359, 363, 364, 368, 370], "excluded_lines": [], "functions": {"LineageTracker.__init__": {"executed_lines": [], "summary": {"covered_lines": 0, "num_statements": 1, "percent_covered": 0.0, "percent_covered_display": "0", "missing_lines": 1, "excluded_lines": 0}, "missing_lines": [15], "excluded_lines": []}, "LineageTracker.get_processing_summary": {"executed_lines": [], "summary": {"covered_lines": 0, "num_statements": 10, "percent_covered": 0.0, "percent_covered_display": "0", "missing_lines": 10, "excluded_lines": 0}, "missing_lines": [20, 21, 22, 25, 31, 37, 43, 44, 48, 52], "excluded_lines": []}, "LineageTracker.find_reprocessing_candidates": {"executed_lines": [], "summary": {"covered_lines": 0, "num_statements": 27, "percent_covered": 0.0, "percent_covered_display": "0", "missing_lines": 27, "excluded_lines": 0}, "missing_lines": [86, 89, 96, 97, 99, 100, 112, 113, 115, 122, 123, 125, 127, 128, 130, 131, 144, 145, 147, 154, 155, 157, 159, 160, 162, 163, 175], "excluded_lines": []}, "LineageTracker.get_reprocessing_stats": {"executed_lines": [], "summary": {"covered_lines": 0, "num_statements": 8, "percent_covered": 0.0, "percent_covered_display": "0", "missing_lines": 8, "excluded_lines": 0}, "missing_lines": [183, 190, 197, 205, 212, 219, 220, 222], "excluded_lines": []}, "LineageTracker.audit_data_consistency": {"executed_lines": [], "summary": {"covered_lines": 0, "num_statements": 16, "percent_covered": 0.0, "percent_covered_display": "0", "missing_lines": 16, "excluded_lines": 0}, "missing_lines": [245, 248, 252, 253, 265, 269, 270, 277, 285, 286, 293, 300, 301, 308, 309, 311], "excluded_lines": []}, "LineageTracker.get_lineage_for_document": {"executed_lines": [], "summary": {"covered_lines": 0, "num_statements": 7, "percent_covered": 0.0, "percent_covered_display": "0", "missing_lines": 7, "excluded_lines": 0}, "missing_lines": [324, 325, 326, 328, 329, 330, 337], "excluded_lines": []}, "LineageTracker.cleanup_orphaned_data": {"executed_lines": [], "summary": {"covered_lines": 0, "num_statements": 5, "percent_covered": 0.0, "percent_covered_display": "0", "missing_lines": 5, "excluded_lines": 0}, "missing_lines": [359, 363, 364, 368, 370], "excluded_lines": []}, "": {"executed_lines": [], "summary": {"covered_lines": 0, "num_statements": 15, "percent_covered": 0.0, "percent_covered_display": "0", "missing_lines": 15, "excluded_lines": 0}, "missing_lines": [2, 3, 4, 5, 6, 7, 9, 11, 14, 17, 80, 177, 243, 322, 356], "excluded_lines": []}}, "classes": {"LineageTracker": {"executed_lines": [], "summary": {"covered_lines": 0, "num_statements": 74, "percent_covered": 0.0, "percent_covered_display": "0", "missing_lines": 74, "excluded_lines": 0}, "missing_lines": [15, 20, 21, 22, 25, 31, 37, 43, 44, 48, 52, 86, 89, 96, 97, 99, 100, 112, 113, 115, 122, 123, 125, 127, 128, 130, 131, 144, 145, 147, 154, 155, 157, 159, 160, 162, 163, 175, 183, 190, 197, 205, 212, 219, 220, 222, 245, 248, 252, 253, 265, 269, 270, 277, 285, 286, 293, 300, 301, 308, 309, 311, 324, 325, 326, 328, 329, 330, 337, 359, 363, 364, 368, 370], "excluded_lines": []}, "": {"executed_lines": [], "summary": {"covered_lines": 0, "num_statements": 15, "percent_covered": 0.0, "percent_covered_display": "0", "missing_lines": 15, "excluded_lines": 0}, "missing_lines": [2, 3, 4, 5, 6, 7, 9, 11, 14, 17, 80, 177, 243, 322, 356], "excluded_lines": []}}}, "services\\shared\\models.py": {"executed_lines": [], "summary": {"covered_lines": 0, "num_statements": 61, "percent_covered": 0.0, "percent_covered_display": "0", "missing_lines": 61, "excluded_lines": 0}, "missing_lines": [2, 3, 4, 5, 6, 7, 9, 11, 13, 15, 16, 17, 18, 19, 20, 21, 22, 25, 26, 27, 28, 31, 34, 41, 43, 44, 45, 46, 48, 49, 50, 51, 53, 55, 57, 58, 59, 60, 61, 62, 65, 66, 67, 68, 69, 70, 71, 72, 75, 78, 86, 88, 99, 108, 109, 110, 111, 112, 113, 114, 115], "excluded_lines": [], "functions": {"Document.needs_reprocessing": {"executed_lines": [], "summary": {"covered_lines": 0, "num_statements": 8, "percent_covered": 0.0, "percent_covered_display": "0", "missing_lines": 8, "excluded_lines": 0}, "missing_lines": [43, 44, 45, 46, 48, 49, 50, 51], "excluded_lines": []}, "Chunk.get_lineage_info": {"executed_lines": [], "summary": {"covered_lines": 0, "num_statements": 1, "percent_covered": 0.0, "percent_covered_display": "0", "missing_lines": 1, "excluded_lines": 0}, "missing_lines": [88], "excluded_lines": []}, "Chunk.update_lineage": {"executed_lines": [], "summary": {"covered_lines": 0, "num_statements": 8, "percent_covered": 0.0, "percent_covered_display": "0", "missing_lines": 8, "excluded_lines": 0}, "missing_lines": [108, 109, 110, 111, 112, 113, 114, 115], "excluded_lines": []}, "": {"executed_lines": [], "summary": {"covered_lines": 0, "num_statements": 44, "percent_covered": 0.0, "percent_covered_display": "0", "missing_lines": 44, "excluded_lines": 0}, "missing_lines": [2, 3, 4, 5, 6, 7, 9, 11, 13, 15, 16, 17, 18, 19, 20, 21, 22, 25, 26, 27, 28, 31, 34, 41, 53, 55, 57, 58, 59, 60, 61, 62, 65, 66, 67, 68, 69, 70, 71, 72, 75, 78, 86, 99], "excluded_lines": []}}, "classes": {"Document": {"executed_lines": [], "summary": {"covered_lines": 0, "num_statements": 8, "percent_covered": 0.0, "percent_covered_display": "0", "missing_lines": 8, "excluded_lines": 0}, "missing_lines": [43, 44, 45, 46, 48, 49, 50, 51], "excluded_lines": []}, "Chunk": {"executed_lines": [], "summary": {"covered_lines": 0, "num_statements": 9, "percent_covered": 0.0, "percent_covered_display": "0", "missing_lines": 9, "excluded_lines": 0}, "missing_lines": [88, 108, 109, 110, 111, 112, 113, 114, 115], "excluded_lines": []}, "": {"executed_lines": [], "summary": {"covered_lines": 0, "num_statements": 44, "percent_covered": 0.0, "percent_covered_display": "0", "missing_lines": 44, "excluded_lines": 0}, "missing_lines": [2, 3, 4, 5, 6, 7, 9, 11, 13, 15, 16, 17, 18, 19, 20, 21, 22, 25, 26, 27, 28, 31, 34, 41, 53, 55, 57, 58, 59, 60, 61, 62, 65, 66, 67, 68, 69, 70, 71, 72, 75, 78, 86, 99], "excluded_lines": []}}}, "sources\\__init__.py": {"executed_lines": [], "summary": {"covered_lines": 0, "num_statements": 2, "percent_covered": 0.0, "percent_covered_display": "0", "missing_lines": 2, "excluded_lines": 0}, "missing_lines": [6, 15], "excluded_lines": [], "functions": {"": {"executed_lines": [], "summary": {"covered_lines": 0, "num_statements": 2, "percent_covered": 0.0, "percent_covered_display": "0", "missing_lines": 2, "excluded_lines": 0}, "missing_lines": [6, 15], "excluded_lines": []}}, "classes": {"": {"executed_lines": [], "summary": {"covered_lines": 0, "num_statements": 2, "percent_covered": 0.0, "percent_covered_display": "0", "missing_lines": 2, "excluded_lines": 0}, "missing_lines": [6, 15], "excluded_lines": []}}}, "sources\\loader.py": {"executed_lines": [], "summary": {"covered_lines": 0, "num_statements": 120, "percent_covered": 0.0, "percent_covered_display": "0", "missing_lines": 120, "excluded_lines": 0}, "missing_lines": [6, 7, 8, 9, 10, 11, 13, 15, 16, 18, 19, 20, 21, 22, 23, 24, 25, 26, 27, 28, 29, 31, 33, 34, 36, 37, 39, 40, 42, 43, 45, 46, 49, 50, 52, 53, 55, 70, 72, 81, 82, 83, 84, 85, 86, 87, 88, 89, 90, 91, 92, 94, 96, 99, 106, 107, 109, 110, 111, 113, 122, 124, 125, 126, 129, 130, 133, 135, 136, 137, 139, 140, 141, 144, 145, 146, 147, 148, 150, 153, 154, 156, 157, 159, 160, 161, 162, 163, 164, 165, 166, 167, 169, 175, 177, 178, 179, 181, 182, 183, 184, 185, 187, 188, 190, 196, 197, 199, 201, 202, 203, 206, 208, 217, 219, 225, 227, 233, 235, 237], "excluded_lines": [], "functions": {"SourceConfig.__post_init__": {"executed_lines": [], "summary": {"covered_lines": 0, "num_statements": 12, "percent_covered": 0.0, "percent_covered_display": "0", "missing_lines": 12, "excluded_lines": 0}, "missing_lines": [33, 34, 36, 37, 39, 40, 42, 43, 45, 46, 49, 50], "excluded_lines": []}, "SourceConfig.from_dict": {"executed_lines": [], "summary": {"covered_lines": 0, "num_statements": 1, "percent_covered": 0.0, "percent_covered_display": "0", "missing_lines": 1, "excluded_lines": 0}, "missing_lines": [55], "excluded_lines": []}, "SourceConfig.to_dict": {"executed_lines": [], "summary": {"covered_lines": 0, "num_statements": 14, "percent_covered": 0.0, "percent_covered_display": "0", "missing_lines": 14, "excluded_lines": 0}, "missing_lines": [72, 81, 82, 83, 84, 85, 86, 87, 88, 89, 90, 91, 92, 94], "excluded_lines": []}, "SourceLoader.__init__": {"executed_lines": [], "summary": {"covered_lines": 0, "num_statements": 5, "percent_covered": 0.0, "percent_covered_display": "0", "missing_lines": 5, "excluded_lines": 0}, "missing_lines": [106, 107, 109, 110, 111], "excluded_lines": []}, "SourceLoader.load_source_config": {"executed_lines": [], "summary": {"covered_lines": 0, "num_statements": 32, "percent_covered": 0.0, "percent_covered_display": "0", "missing_lines": 32, "excluded_lines": 0}, "missing_lines": [122, 124, 125, 126, 129, 130, 133, 135, 136, 137, 139, 140, 141, 144, 145, 146, 147, 148, 150, 153, 154, 156, 157, 159, 160, 161, 162, 163, 164, 165, 166, 167], "excluded_lines": []}, "SourceLoader.load_all_sources": {"executed_lines": [], "summary": {"covered_lines": 0, "num_statements": 11, "percent_covered": 0.0, "percent_covered_display": "0", "missing_lines": 11, "excluded_lines": 0}, "missing_lines": [175, 177, 178, 179, 181, 182, 183, 184, 185, 187, 188], "excluded_lines": []}, "SourceLoader.get_enabled_sources": {"executed_lines": [], "summary": {"covered_lines": 0, "num_statements": 2, "percent_covered": 0.0, "percent_covered_display": "0", "missing_lines": 2, "excluded_lines": 0}, "missing_lines": [196, 197], "excluded_lines": []}, "SourceLoader.reload_cache": {"executed_lines": [], "summary": {"covered_lines": 0, "num_statements": 3, "percent_covered": 0.0, "percent_covered_display": "0", "missing_lines": 3, "excluded_lines": 0}, "missing_lines": [201, 202, 203], "excluded_lines": []}, "load_source_config": {"executed_lines": [], "summary": {"covered_lines": 0, "num_statements": 1, "percent_covered": 0.0, "percent_covered_display": "0", "missing_lines": 1, "excluded_lines": 0}, "missing_lines": [217], "excluded_lines": []}, "load_all_sources": {"executed_lines": [], "summary": {"covered_lines": 0, "num_statements": 1, "percent_covered": 0.0, "percent_covered_display": "0", "missing_lines": 1, "excluded_lines": 0}, "missing_lines": [225], "excluded_lines": []}, "get_enabled_sources": {"executed_lines": [], "summary": {"covered_lines": 0, "num_statements": 1, "percent_covered": 0.0, "percent_covered_display": "0", "missing_lines": 1, "excluded_lines": 0}, "missing_lines": [233], "excluded_lines": []}, "reload_source_cache": {"executed_lines": [], "summary": {"covered_lines": 0, "num_statements": 1, "percent_covered": 0.0, "percent_covered_display": "0", "missing_lines": 1, "excluded_lines": 0}, "missing_lines": [237], "excluded_lines": []}, "": {"executed_lines": [], "summary": {"covered_lines": 0, "num_statements": 36, "percent_covered": 0.0, "percent_covered_display": "0", "missing_lines": 36, "excluded_lines": 0}, "missing_lines": [6, 7, 8, 9, 10, 11, 13, 15, 16, 18, 19, 20, 21, 22, 23, 24, 25, 26, 27, 28, 29, 31, 52, 53, 70, 96, 99, 113, 169, 190, 199, 206, 208, 219, 227, 235], "excluded_lines": []}}, "classes": {"SourceConfig": {"executed_lines": [], "summary": {"covered_lines": 0, "num_statements": 27, "percent_covered": 0.0, "percent_covered_display": "0", "missing_lines": 27, "excluded_lines": 0}, "missing_lines": [33, 34, 36, 37, 39, 40, 42, 43, 45, 46, 49, 50, 55, 72, 81, 82, 83, 84, 85, 86, 87, 88, 89, 90, 91, 92, 94], "excluded_lines": []}, "SourceLoader": {"executed_lines": [], "summary": {"covered_lines": 0, "num_statements": 53, "percent_covered": 0.0, "percent_covered_display": "0", "missing_lines": 53, "excluded_lines": 0}, "missing_lines": [106, 107, 109, 110, 111, 122, 124, 125, 126, 129, 130, 133, 135, 136, 137, 139, 140, 141, 144, 145, 146, 147, 148, 150, 153, 154, 156, 157, 159, 160, 161, 162, 163, 164, 165, 166, 167, 175, 177, 178, 179, 181, 182, 183, 184, 185, 187, 188, 196, 197, 201, 202, 203], "excluded_lines": []}, "": {"executed_lines": [], "summary": {"covered_lines": 0, "num_statements": 40, "percent_covered": 0.0, "percent_covered_display": "0", "missing_lines": 40, "excluded_lines": 0}, "missing_lines": [6, 7, 8, 9, 10, 11, 13, 15, 16, 18, 19, 20, 21, 22, 23, 24, 25, 26, 27, 28, 29, 31, 52, 53, 70, 96, 99, 113, 169, 190, 199, 206, 208, 217, 219, 225, 227, 233, 235, 237], "excluded_lines": []}}}}, "totals": {"covered_lines": 0, "num_statements": 5820, "percent_covered": 0.0, "percent_covered_display": "0", "missing_lines": 5820, "excluded_lines": 132}}